#
# There is insufficient memory for the Java Runtime Environment to continue.
# Native memory allocation (mmap) failed to map 65536 bytes for Failed to commit metaspace.
# Possible reasons:
#   The system is out of physical RAM or swap space
#   The process is running with CompressedOops enabled, and the Java Heap may be blocking the growth of the native heap
# Possible solutions:
#   Reduce memory load on the system
#   Increase physical memory or swap space
#   Check if swap backing store is full
#   Decrease Java heap size (-Xmx/-Xms)
#   Decrease number of Java threads
#   Decrease Java thread stack sizes (-Xss)
#   Set larger code cache with -XX:ReservedCodeCacheSize=
#   JVM is running with Unscaled Compressed Oops mode in which the Java heap is
#     placed in the first 4GB address space. The Java Heap base address is the
#     maximum limit for the native heap growth. Please use -XX:HeapBaseMinAddress
#     to set the Java Heap base and to place the Java Heap above 4GB virtual address.
# This output file may be truncated or incomplete.
#
#  Out of Memory Error (virtualSpaceNode.cpp:110), pid=13088, tid=19284
#
# JRE version: OpenJDK Runtime Environment Temurin-17.0.6+10 (17.0.6+10) (build 17.0.6+10)
# Java VM: OpenJDK 64-Bit Server VM Temurin-17.0.6+10 (17.0.6+10, mixed mode, tiered, compressed oops, compressed class ptrs, parallel gc, windows-amd64)
# No core dump will be written. Minidumps are not enabled by default on client versions of Windows
#

---------------  S U M M A R Y ------------

Command Line: --add-modules=ALL-SYSTEM --add-opens=java.base/java.util=ALL-UNNAMED --add-opens=java.base/java.lang=ALL-UNNAMED --add-opens=java.base/sun.nio.fs=ALL-UNNAMED -Declipse.application=org.eclipse.jdt.ls.core.id1 -Dosgi.bundles.defaultStartLevel=4 -Declipse.product=org.eclipse.jdt.ls.core.product -Djava.import.generatesMetadataFilesAtProjectRoot=false -Dfile.encoding=utf8 -XX:+UseParallelGC -XX:GCTimeRatio=4 -XX:AdaptiveSizePolicyWeight=90 -Dsun.zip.disableMemoryMapping=true -Xmx1G -Xms100m -Xlog:disable -javaagent:c:\Users\MAHESH\.vscode\extensions\redhat.java-1.17.0-win32-x64\lombok\lombok-1.18.24.jar c:\Users\MAHESH\.vscode\extensions\redhat.java-1.17.0-win32-x64\server\plugins\org.eclipse.equinox.launcher_1.6.400.v20210924-0641.jar -configuration c:\Users\MAHESH\AppData\Roaming\Code\User\globalStorage\redhat.java\1.17.0\config_ss_win -data c:\Users\MAHESH\AppData\Roaming\Code\User\workspaceStorage\fe89bc257ef8e11c8f47eeced8d5dae4\redhat.java\ss_ws

Host: 11th Gen Intel(R) Core(TM) i5-1135G7 @ 2.40GHz, 8 cores, 7G,  Windows 11 , 64 bit Build 22621 (10.0.22621.1485)
Time: Sat May  6 09:12:00 2023 India Standard Time elapsed time: 11.232257 seconds (0d 0h 0m 11s)

---------------  T H R E A D  ---------------

Current thread (0x000001ef715b95d0):  JavaThread "Start Level: Equinox Container: 7add9486-5de3-4291-8e56-33eb2d992ca2" daemon [_thread_in_vm, id=19284, stack(0x000000db99300000,0x000000db99400000)]

Stack: [0x000000db99300000,0x000000db99400000]
Native frames: (J=compiled Java code, j=interpreted, Vv=VM code, C=native code)
V  [jvm.dll+0x67741a]
V  [jvm.dll+0x834434]
V  [jvm.dll+0x835bde]
V  [jvm.dll+0x836243]
V  [jvm.dll+0x2457b5]
V  [jvm.dll+0x8304cb]
V  [jvm.dll+0x61bca6]
V  [jvm.dll+0x1c05fe]
V  [jvm.dll+0x61e5f1]
V  [jvm.dll+0x61c646]
V  [jvm.dll+0x23b2a0]
V  [jvm.dll+0x1eae0d]
V  [jvm.dll+0x1e0841]
V  [jvm.dll+0x53c6d0]
V  [jvm.dll+0x7af5e8]
V  [jvm.dll+0x7af6d4]
V  [jvm.dll+0x40bc05]
V  [jvm.dll+0x411d58]
C  [java.dll+0x17ec]

Java frames: (J=compiled Java code, j=interpreted, Vv=VM code)
J 1049  java.lang.ClassLoader.defineClass1(Ljava/lang/ClassLoader;Ljava/lang/String;[BIILjava/security/ProtectionDomain;Ljava/lang/String;)Ljava/lang/Class; java.base@17.0.6 (0 bytes) @ 0x000001ef64cc295b [0x000001ef64cc28a0+0x00000000000000bb]
J 1625 c1 java.lang.ClassLoader.defineClass(Ljava/lang/String;[BIILjava/security/ProtectionDomain;)Ljava/lang/Class; java.base@17.0.6 (43 bytes) @ 0x000001ef5d480bd4 [0x000001ef5d480880+0x0000000000000354]
J 2045 c1 org.eclipse.osgi.internal.loader.ModuleClassLoader.defineClass(Ljava/lang/String;[BLorg/eclipse/osgi/internal/loader/classpath/ClasspathEntry;)Lorg/eclipse/osgi/internal/loader/ModuleClassLoader$DefineClassResult; (138 bytes) @ 0x000001ef5d58259c [0x000001ef5d582340+0x000000000000025c]
J 1918 c1 org.eclipse.osgi.internal.loader.classpath.ClasspathManager.defineClass(Ljava/lang/String;[BLorg/eclipse/osgi/internal/loader/classpath/ClasspathEntry;Lorg/eclipse/osgi/storage/bundlefile/BundleEntry;Ljava/util/List;)Ljava/lang/Class; (636 bytes) @ 0x000001ef5d52dab4 [0x000001ef5d52c0e0+0x00000000000019d4]
J 1916 c1 org.eclipse.osgi.internal.loader.classpath.ClasspathManager.findClassImpl(Ljava/lang/String;Lorg/eclipse/osgi/internal/loader/classpath/ClasspathEntry;Ljava/util/List;)Ljava/lang/Class; (308 bytes) @ 0x000001ef5d528864 [0x000001ef5d525ac0+0x0000000000002da4]
J 1671 c1 org.eclipse.osgi.internal.loader.classpath.ClasspathManager.findLocalClassImpl(Ljava/lang/String;[Lorg/eclipse/osgi/internal/loader/classpath/ClasspathEntry;Ljava/util/List;)Ljava/lang/Class; (55 bytes) @ 0x000001ef5d4a484c [0x000001ef5d4a46c0+0x000000000000018c]
J 1670 c1 org.eclipse.osgi.internal.loader.classpath.ClasspathManager.findLocalClassImpl(Ljava/lang/String;Ljava/util/List;)Ljava/lang/Class; (132 bytes) @ 0x000001ef5d4a3dd4 [0x000001ef5d4a38c0+0x0000000000000514]
J 1774 c1 org.eclipse.osgi.internal.loader.classpath.ClasspathManager.findLocalClass(Ljava/lang/String;)Ljava/lang/Class; (210 bytes) @ 0x000001ef5d4cfdbc [0x000001ef5d4cf120+0x0000000000000c9c]
J 1663 c1 org.eclipse.osgi.internal.loader.BundleLoader.findLocalClass(Ljava/lang/String;)Ljava/lang/Class; (152 bytes) @ 0x000001ef5d49a7ec [0x000001ef5d499fa0+0x000000000000084c]
J 1593 c1 org.eclipse.osgi.internal.loader.BundleLoader.findClass0(Ljava/lang/String;ZZ)Ljava/lang/Class; (466 bytes) @ 0x000001ef5d471114 [0x000001ef5d46ea20+0x00000000000026f4]
J 1592 c1 org.eclipse.osgi.internal.loader.BundleLoader.findClass(Ljava/lang/String;)Ljava/lang/Class; (8 bytes) @ 0x000001ef5d46e11c [0x000001ef5d46e0a0+0x000000000000007c]
J 1595 c1 org.eclipse.osgi.internal.loader.ModuleClassLoader.loadClass(Ljava/lang/String;Z)Ljava/lang/Class; (36 bytes) @ 0x000001ef5d474ebc [0x000001ef5d474ca0+0x000000000000021c]
J 783 c1 java.lang.ClassLoader.loadClass(Ljava/lang/String;)Ljava/lang/Class; java.base@17.0.6 (7 bytes) @ 0x000001ef5d2d61bc [0x000001ef5d2d60c0+0x00000000000000fc]
v  ~StubRoutines::call_stub
j  org.eclipse.core.internal.resources.MarkerTypeDefinitionCache.loadDefinitions()V+74
j  org.eclipse.core.internal.resources.MarkerTypeDefinitionCache.<init>()V+5
j  org.eclipse.core.internal.resources.MarkerManager.<init>(Lorg/eclipse/core/internal/resources/Workspace;)V+9
j  org.eclipse.core.internal.resources.Workspace.startup(Lorg/eclipse/core/runtime/IProgressMonitor;)V+151
j  org.eclipse.core.internal.resources.Workspace.open(Lorg/eclipse/core/runtime/IProgressMonitor;)Lorg/eclipse/core/runtime/IStatus;+136
j  org.eclipse.core.resources.ResourcesPlugin$WorkspaceInitCustomizer.addingService(Lorg/osgi/framework/ServiceReference;)Lorg/eclipse/core/internal/resources/Workspace;+45
j  org.eclipse.core.resources.ResourcesPlugin$WorkspaceInitCustomizer.addingService(Lorg/osgi/framework/ServiceReference;)Ljava/lang/Object;+5
j  org.osgi.util.tracker.ServiceTracker$Tracked.customizerAdding(Lorg/osgi/framework/ServiceReference;Lorg/osgi/framework/ServiceEvent;)Ljava/lang/Object;+8
j  org.osgi.util.tracker.ServiceTracker$Tracked.customizerAdding(Ljava/lang/Object;Ljava/lang/Object;)Ljava/lang/Object;+9
j  org.osgi.util.tracker.AbstractTracked.trackAdding(Ljava/lang/Object;Ljava/lang/Object;)V+8
j  org.osgi.util.tracker.AbstractTracked.trackInitial()V+90
j  org.osgi.util.tracker.ServiceTracker.open(Z)V+198
j  org.osgi.util.tracker.ServiceTracker.open()V+2
j  org.eclipse.core.resources.ResourcesPlugin.start(Lorg/osgi/framework/BundleContext;)V+106
j  org.eclipse.osgi.internal.framework.BundleContextImpl$2.run()Ljava/lang/Void;+23
j  org.eclipse.osgi.internal.framework.BundleContextImpl$2.run()Ljava/lang/Object;+1
J 1197 c1 java.security.AccessController.executePrivileged(Ljava/security/PrivilegedExceptionAction;Ljava/security/AccessControlContext;Ljava/lang/Class;)Ljava/lang/Object; java.base@17.0.6 (65 bytes) @ 0x000001ef5d3ac9b4 [0x000001ef5d3ac860+0x0000000000000154]
j  java.security.AccessController.doPrivileged(Ljava/security/PrivilegedExceptionAction;)Ljava/lang/Object;+9 java.base@17.0.6
j  org.eclipse.osgi.internal.framework.BundleContextImpl.startActivator(Lorg/osgi/framework/BundleActivator;)V+9
j  org.eclipse.osgi.internal.framework.BundleContextImpl.start()V+134
j  org.eclipse.osgi.internal.framework.EquinoxBundle.startWorker0()V+35
j  org.eclipse.osgi.internal.framework.EquinoxBundle$EquinoxModule.startWorker()V+4
j  org.eclipse.osgi.container.Module.doStart([Lorg/eclipse/osgi/container/Module$StartOptions;)Lorg/eclipse/osgi/container/ModuleContainerAdaptor$ModuleEvent;+190
j  org.eclipse.osgi.container.Module.start([Lorg/eclipse/osgi/container/Module$StartOptions;)V+460
j  org.eclipse.osgi.framework.util.SecureAction.start(Lorg/eclipse/osgi/container/Module;[Lorg/eclipse/osgi/container/Module$StartOptions;)V+8
J 1665 c1 org.eclipse.osgi.internal.hooks.EclipseLazyStarter.postFindLocalClass(Ljava/lang/String;Ljava/lang/Class;Lorg/eclipse/osgi/internal/loader/classpath/ClasspathManager;)V (394 bytes) @ 0x000001ef5d49d75c [0x000001ef5d49c7e0+0x0000000000000f7c]
J 1774 c1 org.eclipse.osgi.internal.loader.classpath.ClasspathManager.findLocalClass(Ljava/lang/String;)Ljava/lang/Class; (210 bytes) @ 0x000001ef5d4d00d4 [0x000001ef5d4cf120+0x0000000000000fb4]
J 1663 c1 org.eclipse.osgi.internal.loader.BundleLoader.findLocalClass(Ljava/lang/String;)Ljava/lang/Class; (152 bytes) @ 0x000001ef5d49a7ec [0x000001ef5d499fa0+0x000000000000084c]
J 1593 c1 org.eclipse.osgi.internal.loader.BundleLoader.findClass0(Ljava/lang/String;ZZ)Ljava/lang/Class; (466 bytes) @ 0x000001ef5d471114 [0x000001ef5d46ea20+0x00000000000026f4]
J 1592 c1 org.eclipse.osgi.internal.loader.BundleLoader.findClass(Ljava/lang/String;)Ljava/lang/Class; (8 bytes) @ 0x000001ef5d46e11c [0x000001ef5d46e0a0+0x000000000000007c]
J 1595 c1 org.eclipse.osgi.internal.loader.ModuleClassLoader.loadClass(Ljava/lang/String;Z)Ljava/lang/Class; (36 bytes) @ 0x000001ef5d474ebc [0x000001ef5d474ca0+0x000000000000021c]
J 783 c1 java.lang.ClassLoader.loadClass(Ljava/lang/String;)Ljava/lang/Class; java.base@17.0.6 (7 bytes) @ 0x000001ef5d2d61bc [0x000001ef5d2d60c0+0x00000000000000fc]
v  ~StubRoutines::call_stub
j  java.lang.Class.getDeclaredConstructors0(Z)[Ljava/lang/reflect/Constructor;+0 java.base@17.0.6
j  java.lang.Class.privateGetDeclaredConstructors(Z)[Ljava/lang/reflect/Constructor;+52 java.base@17.0.6
j  java.lang.Class.getConstructor0([Ljava/lang/Class;I)Ljava/lang/reflect/Constructor;+14 java.base@17.0.6
j  java.lang.Class.getConstructor([Ljava/lang/Class;)Ljava/lang/reflect/Constructor;+24 java.base@17.0.6
j  org.eclipse.osgi.internal.framework.BundleContextImpl.loadBundleActivator()Lorg/osgi/framework/BundleActivator;+105
j  org.eclipse.osgi.internal.framework.BundleContextImpl.start()V+18
j  org.eclipse.osgi.internal.framework.EquinoxBundle.startWorker0()V+35
j  org.eclipse.osgi.internal.framework.EquinoxBundle$EquinoxModule.startWorker()V+4
j  org.eclipse.osgi.container.Module.doStart([Lorg/eclipse/osgi/container/Module$StartOptions;)Lorg/eclipse/osgi/container/ModuleContainerAdaptor$ModuleEvent;+190
j  org.eclipse.osgi.container.Module.start([Lorg/eclipse/osgi/container/Module$StartOptions;)V+460
j  org.eclipse.osgi.container.ModuleContainer$ContainerStartLevel$2.run()V+71
j  org.eclipse.osgi.internal.framework.EquinoxContainerAdaptor$1$1.execute(Ljava/lang/Runnable;)V+1
j  org.eclipse.osgi.container.ModuleContainer$ContainerStartLevel.incStartLevel(ILjava/util/List;Z)V+192
j  org.eclipse.osgi.container.ModuleContainer$ContainerStartLevel.incStartLevel(ILjava/util/List;Ljava/util/List;Ljava/util/List;Ljava/util/List;)V+19
j  org.eclipse.osgi.container.ModuleContainer$ContainerStartLevel.doContainerStartLevel(Lorg/eclipse/osgi/container/Module;I[Lorg/osgi/framework/FrameworkListener;)V+349
j  org.eclipse.osgi.container.ModuleContainer$ContainerStartLevel.dispatchEvent(Lorg/eclipse/osgi/container/Module;[Lorg/osgi/framework/FrameworkListener;ILjava/lang/Integer;)V+32
j  org.eclipse.osgi.container.ModuleContainer$ContainerStartLevel.dispatchEvent(Ljava/lang/Object;Ljava/lang/Object;ILjava/lang/Object;)V+15
j  org.eclipse.osgi.framework.eventmgr.EventManager.dispatchEvent(Ljava/util/Set;Lorg/eclipse/osgi/framework/eventmgr/EventDispatcher;ILjava/lang/Object;)V+48
j  org.eclipse.osgi.framework.eventmgr.EventManager$EventThread.run()V+26
v  ~StubRoutines::call_stub

---------------  P R O C E S S  ---------------

Threads class SMR info:
_java_thread_list=0x000001ef711db9c0, length=18, elements={
0x000001ef5a50f910, 0x000001ef5a5c41e0, 0x000001ef5a5c4f20, 0x000001ef6fe9a0b0,
0x000001ef6fe9b110, 0x000001ef6fe9bcc0, 0x000001ef6fea2bc0, 0x000001ef6fea7d20,
0x000001ef6fea8b70, 0x000001ef6fea9170, 0x000001ef6ff6b010, 0x000001ef70154bc0,
0x000001ef7219f930, 0x000001ef70236460, 0x000001ef715b95d0, 0x000001ef700e40b0,
0x000001ef7116d3d0, 0x000001ef70e91a60
}

Java Threads: ( => current thread )
  0x000001ef5a50f910 JavaThread "main" [_thread_blocked, id=17332, stack(0x000000db97c00000,0x000000db97d00000)]
  0x000001ef5a5c41e0 JavaThread "Reference Handler" daemon [_thread_blocked, id=2364, stack(0x000000db97f00000,0x000000db98000000)]
  0x000001ef5a5c4f20 JavaThread "Finalizer" daemon [_thread_blocked, id=16332, stack(0x000000db98000000,0x000000db98100000)]
  0x000001ef6fe9a0b0 JavaThread "Signal Dispatcher" daemon [_thread_blocked, id=9916, stack(0x000000db98100000,0x000000db98200000)]
  0x000001ef6fe9b110 JavaThread "Attach Listener" daemon [_thread_blocked, id=13592, stack(0x000000db98200000,0x000000db98300000)]
  0x000001ef6fe9bcc0 JavaThread "Service Thread" daemon [_thread_blocked, id=12860, stack(0x000000db98300000,0x000000db98400000)]
  0x000001ef6fea2bc0 JavaThread "Monitor Deflation Thread" daemon [_thread_blocked, id=16992, stack(0x000000db98400000,0x000000db98500000)]
  0x000001ef6fea7d20 JavaThread "C2 CompilerThread0" daemon [_thread_blocked, id=19044, stack(0x000000db98500000,0x000000db98600000)]
  0x000001ef6fea8b70 JavaThread "C1 CompilerThread0" daemon [_thread_blocked, id=18556, stack(0x000000db98600000,0x000000db98700000)]
  0x000001ef6fea9170 JavaThread "Sweeper thread" daemon [_thread_blocked, id=12384, stack(0x000000db98700000,0x000000db98800000)]
  0x000001ef6ff6b010 JavaThread "Common-Cleaner" daemon [_thread_blocked, id=14252, stack(0x000000db98800000,0x000000db98900000)]
  0x000001ef70154bc0 JavaThread "Notification Thread" daemon [_thread_blocked, id=15984, stack(0x000000db98900000,0x000000db98a00000)]
  0x000001ef7219f930 JavaThread "Active Thread: Equinox Container: 7add9486-5de3-4291-8e56-33eb2d992ca2" [_thread_blocked, id=13436, stack(0x000000db99200000,0x000000db99300000)]
  0x000001ef70236460 JavaThread "Framework Event Dispatcher: Equinox Container: 7add9486-5de3-4291-8e56-33eb2d992ca2" daemon [_thread_blocked, id=14256, stack(0x000000db98b00000,0x000000db98c00000)]
=>0x000001ef715b95d0 JavaThread "Start Level: Equinox Container: 7add9486-5de3-4291-8e56-33eb2d992ca2" daemon [_thread_in_vm, id=19284, stack(0x000000db99300000,0x000000db99400000)]
  0x000001ef700e40b0 JavaThread "SCR Component Actor" daemon [_thread_blocked, id=11880, stack(0x000000db99400000,0x000000db99500000)]
  0x000001ef7116d3d0 JavaThread "SCR Component Registry" daemon [_thread_blocked, id=7668, stack(0x000000db99600000,0x000000db99700000)]
  0x000001ef70e91a60 JavaThread "Worker-JM" [_thread_blocked, id=18488, stack(0x000000db99700000,0x000000db99800000)]

Other Threads:
  0x000001ef6fe61c30 VMThread "VM Thread" [stack: 0x000000db97e00000,0x000000db97f00000] [id=2256] _threads_hazard_ptr=0x000001ef711db9c0
  0x000001ef7015fb60 WatcherThread [stack: 0x000000db98a00000,0x000000db98b00000] [id=19040]
  0x000001ef5a526a20 GCTaskThread "GC Thread#0" [stack: 0x000000db97d00000,0x000000db97e00000] [id=17328]
  0x000001ef710499e0 GCTaskThread "GC Thread#1" [stack: 0x000000db98c00000,0x000000db98d00000] [id=10004]
  0x000001ef70f8aaf0 GCTaskThread "GC Thread#2" [stack: 0x000000db98d00000,0x000000db98e00000] [id=10484]
  0x000001ef70f8ada0 GCTaskThread "GC Thread#3" [stack: 0x000000db98e00000,0x000000db98f00000] [id=2800]
  0x000001ef70f8b660 GCTaskThread "GC Thread#4" [stack: 0x000000db98f00000,0x000000db99000000] [id=10624]
  0x000001ef70f8b910 GCTaskThread "GC Thread#5" [stack: 0x000000db99000000,0x000000db99100000] [id=15580]
  0x000001ef70f8bbc0 GCTaskThread "GC Thread#6" [stack: 0x000000db99100000,0x000000db99200000] [id=16632]
  0x000001ef715220e0 GCTaskThread "GC Thread#7" [stack: 0x000000db99500000,0x000000db99600000] [id=13616]

Threads with active compile tasks:

VM state: synchronizing (normal execution)

VM Mutex/Monitor currently owned by a thread:  ([mutex/lock_event])
[0x000001ef5a50abd0] Metaspace_lock - owner thread: 0x000001ef715b95d0
[0x000001ef5a50bd90] Threads_lock - owner thread: 0x000001ef6fe61c30

Heap address: 0x00000000c0000000, size: 1024 MB, Compressed Oops mode: 32-bit

CDS archive(s) not mapped
Compressed class space mapped at: 0x0000000100000000-0x0000000140000000, reserved size: 1073741824
Narrow klass base: 0x0000000000000000, Narrow klass shift: 3, Narrow klass range: 0x140000000

GC Precious Log:
 CPUs: 8 total, 8 available
 Memory: 7957M
 Large Page Support: Disabled
 NUMA Support: Disabled
 Compressed Oops: Enabled (32-bit)
 Alignments: Space 512K, Generation 512K, Heap 2M
 Heap Min Capacity: 100M
 Heap Initial Capacity: 100M
 Heap Max Capacity: 1G
 Pre-touch: Disabled
 Parallel Workers: 8

Heap:
 PSYoungGen      total 29696K, used 28017K [0x00000000eab00000, 0x00000000ecc00000, 0x0000000100000000)
  eden space 25600K, 93% used [0x00000000eab00000,0x00000000ec260e88,0x00000000ec400000)
  from space 4096K, 99% used [0x00000000ec800000,0x00000000ecbfb708,0x00000000ecc00000)
  to   space 4096K, 0% used [0x00000000ec400000,0x00000000ec400000,0x00000000ec800000)
 ParOldGen       total 68608K, used 837K [0x00000000c0000000, 0x00000000c4300000, 0x00000000eab00000)
  object space 68608K, 1% used [0x00000000c0000000,0x00000000c00d1550,0x00000000c4300000)
 Metaspace       used 20184K, committed 20480K, reserved 1073152K
  class space    used 2058K, committed 2176K, reserved 1048576K

Card table byte_map: [0x000001ef59ee0000,0x000001ef5a0f0000] _byte_map_base: 0x000001ef598e0000

Marking Bits: (ParMarkBitMap*) 0x00007ffc3f553e70
 Begin Bits: [0x000001ef6c190000, 0x000001ef6d190000)
 End Bits:   [0x000001ef6d190000, 0x000001ef6e190000)

Polling page: 0x000001ef59cd0000

Metaspace:

Usage:
  Non-class:     17.70 MB used.
      Class:      2.01 MB used.
       Both:     19.71 MB used.

Virtual space:
  Non-class space:       24.00 MB reserved,      17.88 MB ( 74%) committed,  3 nodes.
      Class space:        1.00 GB reserved,       2.12 MB ( <1%) committed,  1 nodes.
             Both:        1.02 GB reserved,      20.00 MB (  2%) committed. 

Chunk freelists:
   Non-Class:  1.61 MB
       Class:  1.88 MB
        Both:  3.48 MB

MaxMetaspaceSize: unlimited
CompressedClassSpaceSize: 1.00 GB
Initial GC threshold: 21.00 MB
Current GC threshold: 21.00 MB
CDS: off
MetaspaceReclaimPolicy: balanced
 - commit_granule_bytes: 65536.
 - commit_granule_words: 8192.
 - virtual_space_node_default_size: 1048576.
 - enlarge_chunks_in_place: 1.
 - new_chunks_are_fully_committed: 0.
 - uncommit_free_chunks: 1.
 - use_allocation_guard: 0.
 - handle_deallocations: 1.


Internal statistics:

num_allocs_failed_limit: 0.
num_arena_births: 158.
num_arena_deaths: 0.
num_vsnodes_births: 4.
num_vsnodes_deaths: 0.
num_space_committed: 320.
num_space_uncommitted: 0.
num_chunks_returned_to_freelist: 0.
num_chunks_taken_from_freelist: 565.
num_chunk_merges: 0.
num_chunk_splits: 371.
num_chunks_enlarged: 274.
num_purges: 0.
num_inconsistent_stats: 0.

CodeHeap 'non-profiled nmethods': size=120000Kb used=776Kb max_used=776Kb free=119223Kb
 bounds [0x000001ef64c60000, 0x000001ef64ed0000, 0x000001ef6c190000]
CodeHeap 'profiled nmethods': size=120000Kb used=4060Kb max_used=4060Kb free=115939Kb
 bounds [0x000001ef5d190000, 0x000001ef5d590000, 0x000001ef646c0000]
CodeHeap 'non-nmethods': size=5760Kb used=1197Kb max_used=1213Kb free=4562Kb
 bounds [0x000001ef646c0000, 0x000001ef64930000, 0x000001ef64c60000]
 total_blobs=2550 nmethods=2061 adapters=403
 compilation: enabled
              stopped_count=0, restarted_count=0
 full_count=0

Compilation events (20 events):
Event: 11.056 Thread 0x000001ef6fea8b70 2053       3       org.eclipse.core.internal.registry.BufferedRandomInputStream::read (92 bytes)
Event: 11.056 Thread 0x000001ef6fea8b70 nmethod 2053 0x000001ef5d584a90 code [0x000001ef5d584c80, 0x000001ef5d585118]
Event: 11.056 Thread 0x000001ef6fea8b70 2054       3       org.eclipse.core.internal.registry.TableReader::readUTF (126 bytes)
Event: 11.057 Thread 0x000001ef6fea8b70 nmethod 2054 0x000001ef5d585290 code [0x000001ef5d585520, 0x000001ef5d586348]
Event: 11.057 Thread 0x000001ef6fea8b70 2058       3       java.io.DataInputStream::readByte (23 bytes)
Event: 11.057 Thread 0x000001ef6fea7d20 2060       4       org.eclipse.core.internal.registry.BufferedRandomInputStream::read (41 bytes)
Event: 11.057 Thread 0x000001ef6fea8b70 nmethod 2058 0x000001ef5d586810 code [0x000001ef5d5869c0, 0x000001ef5d586c98]
Event: 11.057 Thread 0x000001ef6fea8b70 2055       3       org.eclipse.core.internal.registry.ReferenceMap::indexFor (55 bytes)
Event: 11.057 Thread 0x000001ef6fea8b70 nmethod 2055 0x000001ef5d586d90 code [0x000001ef5d586f20, 0x000001ef5d587078]
Event: 11.057 Thread 0x000001ef6fea8b70 2056       1       org.eclipse.core.internal.registry.RegistryObject::setObjectId (6 bytes)
Event: 11.057 Thread 0x000001ef6fea8b70 nmethod 2056 0x000001ef64d20f90 code [0x000001ef64d21120, 0x000001ef64d211f8]
Event: 11.057 Thread 0x000001ef6fea8b70 2059       1       org.eclipse.core.internal.registry.RegistryObject::getRawChildren (5 bytes)
Event: 11.057 Thread 0x000001ef6fea8b70 nmethod 2059 0x000001ef64d21290 code [0x000001ef64d21420, 0x000001ef64d214f8]
Event: 11.057 Thread 0x000001ef6fea8b70 2057       1       org.eclipse.core.internal.registry.RegistryObject::setRawChildren (6 bytes)
Event: 11.057 Thread 0x000001ef6fea8b70 nmethod 2057 0x000001ef64d21590 code [0x000001ef64d21720, 0x000001ef64d217f8]
Event: 11.058 Thread 0x000001ef6fea8b70 2061       1       org.eclipse.core.internal.registry.ExtensionRegistry::isMultiLanguage (5 bytes)
Event: 11.058 Thread 0x000001ef6fea7d20 nmethod 2060 0x000001ef64d21890 code [0x000001ef64d21a20, 0x000001ef64d21b28]
Event: 11.058 Thread 0x000001ef6fea8b70 nmethod 2061 0x000001ef64d21c10 code [0x000001ef64d21da0, 0x000001ef64d21e78]
Event: 11.058 Thread 0x000001ef6fea8b70 2062       1       org.eclipse.core.internal.registry.ConfigurationElement::getContributorId (5 bytes)
Event: 11.058 Thread 0x000001ef6fea8b70 nmethod 2062 0x000001ef64d21f10 code [0x000001ef64d220a0, 0x000001ef64d22178]

GC Heap History (4 events):
Event: 1.535 GC heap before
{Heap before GC invocations=1 (full 0):
 PSYoungGen      total 29696K, used 25600K [0x00000000eab00000, 0x00000000ecc00000, 0x0000000100000000)
  eden space 25600K, 100% used [0x00000000eab00000,0x00000000ec400000,0x00000000ec400000)
  from space 4096K, 0% used [0x00000000ec800000,0x00000000ec800000,0x00000000ecc00000)
  to   space 4096K, 0% used [0x00000000ec400000,0x00000000ec400000,0x00000000ec800000)
 ParOldGen       total 68608K, used 0K [0x00000000c0000000, 0x00000000c4300000, 0x00000000eab00000)
  object space 68608K, 0% used [0x00000000c0000000,0x00000000c0000000,0x00000000c4300000)
 Metaspace       used 11137K, committed 11328K, reserved 1064960K
  class space    used 1108K, committed 1216K, reserved 1048576K
}
Event: 1.543 GC heap after
{Heap after GC invocations=1 (full 0):
 PSYoungGen      total 29696K, used 3256K [0x00000000eab00000, 0x00000000ecc00000, 0x0000000100000000)
  eden space 25600K, 0% used [0x00000000eab00000,0x00000000eab00000,0x00000000ec400000)
  from space 4096K, 79% used [0x00000000ec400000,0x00000000ec72e218,0x00000000ec800000)
  to   space 4096K, 0% used [0x00000000ec800000,0x00000000ec800000,0x00000000ecc00000)
 ParOldGen       total 68608K, used 16K [0x00000000c0000000, 0x00000000c4300000, 0x00000000eab00000)
  object space 68608K, 0% used [0x00000000c0000000,0x00000000c0004000,0x00000000c4300000)
 Metaspace       used 11137K, committed 11328K, reserved 1064960K
  class space    used 1108K, committed 1216K, reserved 1048576K
}
Event: 9.014 GC heap before
{Heap before GC invocations=2 (full 0):
 PSYoungGen      total 29696K, used 28856K [0x00000000eab00000, 0x00000000ecc00000, 0x0000000100000000)
  eden space 25600K, 100% used [0x00000000eab00000,0x00000000ec400000,0x00000000ec400000)
  from space 4096K, 79% used [0x00000000ec400000,0x00000000ec72e218,0x00000000ec800000)
  to   space 4096K, 0% used [0x00000000ec800000,0x00000000ec800000,0x00000000ecc00000)
 ParOldGen       total 68608K, used 16K [0x00000000c0000000, 0x00000000c4300000, 0x00000000eab00000)
  object space 68608K, 0% used [0x00000000c0000000,0x00000000c0004000,0x00000000c4300000)
 Metaspace       used 15355K, committed 15680K, reserved 1064960K
  class space    used 1566K, committed 1728K, reserved 1048576K
}
Event: 9.021 GC heap after
{Heap after GC invocations=2 (full 0):
 PSYoungGen      total 29696K, used 4077K [0x00000000eab00000, 0x00000000ecc00000, 0x0000000100000000)
  eden space 25600K, 0% used [0x00000000eab00000,0x00000000eab00000,0x00000000ec400000)
  from space 4096K, 99% used [0x00000000ec800000,0x00000000ecbfb708,0x00000000ecc00000)
  to   space 4096K, 0% used [0x00000000ec400000,0x00000000ec400000,0x00000000ec800000)
 ParOldGen       total 68608K, used 837K [0x00000000c0000000, 0x00000000c4300000, 0x00000000eab00000)
  object space 68608K, 1% used [0x00000000c0000000,0x00000000c00d1550,0x00000000c4300000)
 Metaspace       used 15355K, committed 15680K, reserved 1064960K
  class space    used 1566K, committed 1728K, reserved 1048576K
}

Dll operation events (11 events):
Event: 0.227 Loaded shared library c:\Users\MAHESH\.vscode\extensions\redhat.java-1.17.0-win32-x64\jre\17.0.6-win32-x86_64\bin\java.dll
Event: 0.562 Loaded shared library c:\Users\MAHESH\.vscode\extensions\redhat.java-1.17.0-win32-x64\jre\17.0.6-win32-x86_64\bin\zip.dll
Event: 0.567 Loaded shared library C:\Users\MAHESH\.vscode\extensions\redhat.java-1.17.0-win32-x64\jre\17.0.6-win32-x86_64\bin\instrument.dll
Event: 0.608 Loaded shared library C:\Users\MAHESH\.vscode\extensions\redhat.java-1.17.0-win32-x64\jre\17.0.6-win32-x86_64\bin\net.dll
Event: 0.646 Loaded shared library C:\Users\MAHESH\.vscode\extensions\redhat.java-1.17.0-win32-x64\jre\17.0.6-win32-x86_64\bin\nio.dll
Event: 0.654 Loaded shared library C:\Users\MAHESH\.vscode\extensions\redhat.java-1.17.0-win32-x64\jre\17.0.6-win32-x86_64\bin\zip.dll
Event: 0.673 Loaded shared library C:\Users\MAHESH\.vscode\extensions\redhat.java-1.17.0-win32-x64\jre\17.0.6-win32-x86_64\bin\jimage.dll
Event: 0.750 Loaded shared library c:\Users\MAHESH\.vscode\extensions\redhat.java-1.17.0-win32-x64\jre\17.0.6-win32-x86_64\bin\verify.dll
Event: 8.867 Loaded shared library C:\Users\MAHESH\AppData\Roaming\Code\User\globalStorage\redhat.java\1.17.0\config_ss_win\org.eclipse.equinox.launcher\org.eclipse.equinox.launcher.win32.win32.x86_64_1.2.700.v20221108-1024\eclipse_11801.dll
Event: 10.685 Loaded shared library C:\Users\MAHESH\.vscode\extensions\redhat.java-1.17.0-win32-x64\jre\17.0.6-win32-x86_64\bin\management.dll
Event: 10.792 Loaded shared library C:\Users\MAHESH\.vscode\extensions\redhat.java-1.17.0-win32-x64\jre\17.0.6-win32-x86_64\bin\management_ext.dll

Deoptimization events (20 events):
Event: 9.591 Thread 0x000001ef715b95d0 Uncommon trap: trap_request=0xffffff45 fr.pc=0x000001ef64c98694 relative=0x0000000000000374
Event: 9.591 Thread 0x000001ef715b95d0 Uncommon trap: reason=unstable_if action=reinterpret pc=0x000001ef64c98694 method=java.lang.AbstractStringBuilder.isLatin1()Z @ 10 c2
Event: 9.591 Thread 0x000001ef715b95d0 DEOPT PACKING pc=0x000001ef64c98694 sp=0x000000db993f8b30
Event: 9.591 Thread 0x000001ef715b95d0 DEOPT UNPACKING pc=0x000001ef64719ea3 sp=0x000000db993f8ab0 mode 2
Event: 9.591 Thread 0x000001ef715b95d0 Uncommon trap: trap_request=0xffffff45 fr.pc=0x000001ef64ce3f5c relative=0x000000000000005c
Event: 9.591 Thread 0x000001ef715b95d0 Uncommon trap: reason=unstable_if action=reinterpret pc=0x000001ef64ce3f5c method=java.lang.AbstractStringBuilder.isLatin1()Z @ 10 c2
Event: 9.591 Thread 0x000001ef715b95d0 DEOPT PACKING pc=0x000001ef64ce3f5c sp=0x000000db993f8b10
Event: 9.591 Thread 0x000001ef715b95d0 DEOPT UNPACKING pc=0x000001ef64719ea3 sp=0x000000db993f8aa0 mode 2
Event: 9.612 Thread 0x000001ef715b95d0 Uncommon trap: trap_request=0xffffff45 fr.pc=0x000001ef64c85a48 relative=0x0000000000000048
Event: 9.612 Thread 0x000001ef715b95d0 Uncommon trap: reason=unstable_if action=reinterpret pc=0x000001ef64c85a48 method=java.lang.CharacterData.of(I)Ljava/lang/CharacterData; @ 4 c2
Event: 9.612 Thread 0x000001ef715b95d0 DEOPT PACKING pc=0x000001ef64c85a48 sp=0x000000db993f82e0
Event: 9.612 Thread 0x000001ef715b95d0 DEOPT UNPACKING pc=0x000001ef64719ea3 sp=0x000000db993f8278 mode 2
Event: 10.026 Thread 0x000001ef715b95d0 Uncommon trap: trap_request=0xffffff45 fr.pc=0x000001ef64c954e8 relative=0x0000000000000bc8
Event: 10.026 Thread 0x000001ef715b95d0 Uncommon trap: reason=unstable_if action=reinterpret pc=0x000001ef64c954e8 method=lombok.patcher.PatchScript.classMatches(Ljava/lang/String;Ljava/util/Collection;)Z @ 25 c2
Event: 10.026 Thread 0x000001ef715b95d0 DEOPT PACKING pc=0x000001ef64c954e8 sp=0x000000db993f6e40
Event: 10.026 Thread 0x000001ef715b95d0 DEOPT UNPACKING pc=0x000001ef64719ea3 sp=0x000000db993f6e00 mode 2
Event: 10.830 Thread 0x000001ef715b95d0 Uncommon trap: trap_request=0xffffff45 fr.pc=0x000001ef64cdf604 relative=0x00000000000009c4
Event: 10.830 Thread 0x000001ef715b95d0 Uncommon trap: reason=unstable_if action=reinterpret pc=0x000001ef64cdf604 method=java.util.HashMap.putVal(ILjava/lang/Object;Ljava/lang/Object;ZZ)Ljava/lang/Object; @ 236 c2
Event: 10.830 Thread 0x000001ef715b95d0 DEOPT PACKING pc=0x000001ef64cdf604 sp=0x000000db993f8f80
Event: 10.830 Thread 0x000001ef715b95d0 DEOPT UNPACKING pc=0x000001ef64719ea3 sp=0x000000db993f8f08 mode 2

Classes unloaded (0 events):
No events

Classes redefined (0 events):
No events

Internal exceptions (20 events):
Event: 1.530 Thread 0x000001ef5a50f910 Exception <a 'java/lang/NoSuchMethodError'{0x00000000ec3eb3c8}: 'void java.lang.invoke.DirectMethodHandle$Holder.invokeSpecial(java.lang.Object, java.lang.Object, java.lang.Object)'> (0x00000000ec3eb3c8) 
thrown [s\src\hotspot\share\interpreter\linkResolver.cpp, line 759]
Event: 1.789 Thread 0x000001ef5a50f910 Exception <a 'java/lang/NoSuchMethodError'{0x00000000eb6f78d8}: 'java.lang.Object java.lang.invoke.DirectMethodHandle$Holder.newInvokeSpecial(java.lang.Object, int, java.lang.Object)'> (0x00000000eb6f78d8) 
thrown [s\src\hotspot\share\interpreter\linkResolver.cpp, line 759]
Event: 8.774 Thread 0x000001ef5a50f910 Exception <a 'java/lang/UnsatisfiedLinkError'{0x00000000ebc69218}: 'void org.eclipse.equinox.launcher.JNIBridge._update_splash()'> (0x00000000ebc69218) 
thrown [s\src\hotspot\share\prims\nativeLookup.cpp, line 543]
Event: 8.884 Thread 0x000001ef715b95d0 Exception <a 'java/lang/NoSuchMethodError'{0x00000000ebf24c60}: 'java.lang.Object java.lang.invoke.DirectMethodHandle$Holder.invokeStaticInit(java.lang.Object)'> (0x00000000ebf24c60) 
thrown [s\src\hotspot\share\interpreter\linkResolver.cpp, line 759]
Event: 9.221 Thread 0x000001ef715b95d0 Exception <a 'java/io/FileNotFoundException'{0x00000000eb1df5d0}> (0x00000000eb1df5d0) 
thrown [s\src\hotspot\share\prims\jni.cpp, line 516]
Event: 9.244 Thread 0x000001ef715b95d0 Exception <a 'java/lang/NullPointerException'{0x00000000eb230ea8}> (0x00000000eb230ea8) 
thrown [s\src\hotspot\share\interpreter\linkResolver.cpp, line 1350]
Event: 9.244 Thread 0x000001ef715b95d0 Exception <a 'java/lang/NullPointerException'{0x00000000eb2316d0}> (0x00000000eb2316d0) 
thrown [s\src\hotspot\share\interpreter\linkResolver.cpp, line 1350]
Event: 9.287 Thread 0x000001ef715b95d0 Exception <a 'java/lang/NoSuchMethodError'{0x00000000eb37c6e8}: 'java.lang.Object java.lang.invoke.Invokers$Holder.invokeExact_MT(java.lang.Object, java.lang.Object, java.lang.Object, java.lang.Object, java.lang.Object, java.lang.Object)'> (0x00000000eb37c6e8) 
thrown [s\src\hotspot\share\interpreter\linkResolver.cpp, line 759]
Event: 9.784 Thread 0x000001ef715b95d0 Exception <a 'java/lang/NoSuchMethodError'{0x00000000eb9dad28}: 'void java.lang.invoke.DirectMethodHandle$Holder.invokeInterface(java.lang.Object, java.lang.Object, java.lang.Object)'> (0x00000000eb9dad28) 
thrown [s\src\hotspot\share\interpreter\linkResolver.cpp, line 759]
Event: 10.120 Thread 0x000001ef715b95d0 Exception <a 'java/lang/NoSuchMethodError'{0x00000000ebdd83c0}: 'java.lang.Object java.lang.invoke.DirectMethodHandle$Holder.invokeStatic(java.lang.Object, java.lang.Object, int)'> (0x00000000ebdd83c0) 
thrown [s\src\hotspot\share\interpreter\linkResolver.cpp, line 759]
Event: 10.125 Thread 0x000001ef715b95d0 Exception <a 'java/lang/NoSuchMethodError'{0x00000000ebddcf70}: 'void java.lang.invoke.DirectMethodHandle$Holder.invokeStatic(java.lang.Object, java.lang.Object, int, java.lang.Object)'> (0x00000000ebddcf70) 
thrown [s\src\hotspot\share\interpreter\linkResolver.cpp, line 759]
Event: 10.126 Thread 0x000001ef715b95d0 Exception <a 'java/lang/NoSuchMethodError'{0x00000000ebde46a0}: 'void java.lang.invoke.DelegatingMethodHandle$Holder.delegate(java.lang.Object, java.lang.Object, int, java.lang.Object)'> (0x00000000ebde46a0) 
thrown [s\src\hotspot\share\interpreter\linkResolver.cpp, line 759]
Event: 10.126 Thread 0x000001ef715b95d0 Exception <a 'java/lang/NoSuchMethodError'{0x00000000ebde8a88}: 'int java.lang.invoke.DirectMethodHandle$Holder.invokeSpecial(java.lang.Object, java.lang.Object, java.lang.Object)'> (0x00000000ebde8a88) 
thrown [s\src\hotspot\share\interpreter\linkResolver.cpp, line 759]
Event: 10.167 Thread 0x000001ef715b95d0 Exception <a 'java/lang/NoSuchMethodError'{0x00000000ebdfa308}: 'int java.lang.invoke.DirectMethodHandle$Holder.invokeStatic(java.lang.Object, java.lang.Object, int)'> (0x00000000ebdfa308) 
thrown [s\src\hotspot\share\interpreter\linkResolver.cpp, line 759]
Event: 10.170 Thread 0x000001ef715b95d0 Exception <a 'java/lang/NoSuchMethodError'{0x00000000ebdfe730}: 'int java.lang.invoke.DirectMethodHandle$Holder.invokeSpecial(java.lang.Object, java.lang.Object, java.lang.Object, int)'> (0x00000000ebdfe730) 
thrown [s\src\hotspot\share\interpreter\linkResolver.cpp, line 759]
Event: 10.175 Thread 0x000001ef715b95d0 Exception <a 'java/lang/NoSuchMethodError'{0x00000000ebe1a4f0}: 'java.lang.Object java.lang.invoke.DirectMethodHandle$Holder.invokeStatic(java.lang.Object, java.lang.Object, java.lang.Object, java.lang.Object, int)'> (0x00000000ebe1a4f0) 
thrown [s\src\hotspot\share\interpreter\linkResolver.cpp, line 759]
Event: 10.177 Thread 0x000001ef715b95d0 Exception <a 'java/lang/NoSuchMethodError'{0x00000000ebe264e8}: 'java.lang.Object java.lang.invoke.DelegatingMethodHandle$Holder.reinvoke_L(java.lang.Object, java.lang.Object, java.lang.Object, java.lang.Object, int, int)'> (0x00000000ebe264e8) 
thrown [s\src\hotspot\share\interpreter\linkResolver.cpp, line 759]
Event: 10.180 Thread 0x000001ef715b95d0 Exception <a 'java/lang/NoSuchMethodError'{0x00000000ebe3e1e0}: 'java.lang.Object java.lang.invoke.Invokers$Holder.invokeExact_MT(java.lang.Object, java.lang.Object, java.lang.Object, java.lang.Object)'> (0x00000000ebe3e1e0) 
thrown [s\src\hotspot\share\interpreter\linkResolver.cpp, line 759]
Event: 10.391 Thread 0x000001ef715b95d0 Exception <a 'java/io/FileNotFoundException'{0x00000000ebf3c100}> (0x00000000ebf3c100) 
thrown [s\src\hotspot\share\prims\jni.cpp, line 516]
Event: 10.433 Thread 0x000001ef715b95d0 Exception <a 'java/io/FileNotFoundException'{0x00000000ebf54bf8}> (0x00000000ebf54bf8) 
thrown [s\src\hotspot\share\prims\jni.cpp, line 516]

VM Operations (20 events):
Event: 1.782 Executing VM operation: HandshakeAllThreads
Event: 1.782 Executing VM operation: HandshakeAllThreads done
Event: 2.785 Executing VM operation: Cleanup
Event: 2.786 Executing VM operation: Cleanup done
Event: 8.827 Executing VM operation: Cleanup
Event: 8.873 Executing VM operation: Cleanup done
Event: 8.912 Executing VM operation: HandshakeAllThreads
Event: 8.912 Executing VM operation: HandshakeAllThreads done
Event: 9.014 Executing VM operation: ParallelGCFailedAllocation
Event: 9.021 Executing VM operation: ParallelGCFailedAllocation done
Event: 9.498 Executing VM operation: HandshakeAllThreads
Event: 9.498 Executing VM operation: HandshakeAllThreads done
Event: 9.710 Executing VM operation: HandshakeAllThreads
Event: 9.710 Executing VM operation: HandshakeAllThreads done
Event: 9.716 Executing VM operation: HandshakeAllThreads
Event: 9.716 Executing VM operation: HandshakeAllThreads done
Event: 10.118 Executing VM operation: HandshakeAllThreads
Event: 10.118 Executing VM operation: HandshakeAllThreads done
Event: 10.118 Executing VM operation: Cleanup
Event: 10.118 Executing VM operation: Cleanup done

Events (20 events):
Event: 10.838 loading class java/util/Collections$2
Event: 10.838 loading class java/util/Collections$2 done
Event: 10.843 loading class sun/management/Util
Event: 10.844 loading class sun/management/Util done
Event: 10.844 loading class java/lang/management/ManagementPermission
Event: 10.844 loading class java/lang/management/ManagementPermission done
Event: 10.873 loading class java/lang/IllegalCallerException
Event: 10.873 loading class java/lang/IllegalCallerException done
Event: 10.881 loading class java/lang/StackWalker$Option
Event: 10.882 loading class java/lang/StackWalker$Option done
Event: 11.030 loading class java/util/stream/SortedOps
Event: 11.030 loading class java/util/stream/SortedOps done
Event: 11.030 loading class java/util/stream/SortedOps$OfRef
Event: 11.031 loading class java/util/stream/ReferencePipeline$StatefulOp
Event: 11.031 loading class java/util/stream/ReferencePipeline$StatefulOp done
Event: 11.031 loading class java/util/stream/SortedOps$OfRef done
Event: 11.031 loading class java/util/stream/SortedOps$RefSortingSink
Event: 11.031 loading class java/util/stream/SortedOps$AbstractRefSortingSink
Event: 11.031 loading class java/util/stream/SortedOps$AbstractRefSortingSink done
Event: 11.031 loading class java/util/stream/SortedOps$RefSortingSink done


Dynamic libraries:
0x00007ff626b60000 - 0x00007ff626b6e000 	c:\Users\MAHESH\.vscode\extensions\redhat.java-1.17.0-win32-x64\jre\17.0.6-win32-x86_64\bin\java.exe
0x00007ffc8f030000 - 0x00007ffc8f244000 	C:\WINDOWS\SYSTEM32\ntdll.dll
0x00007ffc8df80000 - 0x00007ffc8e042000 	C:\WINDOWS\System32\KERNEL32.DLL
0x00007ffc8c470000 - 0x00007ffc8c80c000 	C:\WINDOWS\System32\KERNELBASE.dll
0x00007ffc8cbd0000 - 0x00007ffc8cce1000 	C:\WINDOWS\System32\ucrtbase.dll
0x00007ffc73100000 - 0x00007ffc73117000 	c:\Users\MAHESH\.vscode\extensions\redhat.java-1.17.0-win32-x64\jre\17.0.6-win32-x86_64\bin\jli.dll
0x00007ffc8dbd0000 - 0x00007ffc8dd7b000 	C:\WINDOWS\System32\USER32.dll
0x00007ffc8ccf0000 - 0x00007ffc8cd16000 	C:\WINDOWS\System32\win32u.dll
0x00007ffc8d9e0000 - 0x00007ffc8da09000 	C:\WINDOWS\System32\GDI32.dll
0x00007ffc8c880000 - 0x00007ffc8c993000 	C:\WINDOWS\System32\gdi32full.dll
0x00007ffc8cd20000 - 0x00007ffc8cdba000 	C:\WINDOWS\System32\msvcp_win.dll
0x00007ffc704a0000 - 0x00007ffc7072e000 	C:\WINDOWS\WinSxS\amd64_microsoft.windows.common-controls_6595b64144ccf1df_6.0.22621.608_none_a9444ca7c10bb01d\COMCTL32.dll
0x00007ffc8ee60000 - 0x00007ffc8ef07000 	C:\WINDOWS\System32\msvcrt.dll
0x00007ffc71040000 - 0x00007ffc71059000 	c:\Users\MAHESH\.vscode\extensions\redhat.java-1.17.0-win32-x64\jre\17.0.6-win32-x86_64\bin\VCRUNTIME140.dll
0x00007ffc8cf60000 - 0x00007ffc8cf91000 	C:\WINDOWS\System32\IMM32.DLL
0x00007ffc730b0000 - 0x00007ffc730bc000 	c:\Users\MAHESH\.vscode\extensions\redhat.java-1.17.0-win32-x64\jre\17.0.6-win32-x86_64\bin\vcruntime140_1.dll
0x00007ffc6ac60000 - 0x00007ffc6acf1000 	c:\Users\MAHESH\.vscode\extensions\redhat.java-1.17.0-win32-x64\jre\17.0.6-win32-x86_64\bin\msvcp140.dll
0x00007ffc3e9d0000 - 0x00007ffc3f617000 	c:\Users\MAHESH\.vscode\extensions\redhat.java-1.17.0-win32-x64\jre\17.0.6-win32-x86_64\bin\server\jvm.dll
0x00007ffc8e330000 - 0x00007ffc8e3de000 	C:\WINDOWS\System32\ADVAPI32.dll
0x00007ffc8ce90000 - 0x00007ffc8cf34000 	C:\WINDOWS\System32\sechost.dll
0x00007ffc8dd80000 - 0x00007ffc8de97000 	C:\WINDOWS\System32\RPCRT4.dll
0x00007ffc84e20000 - 0x00007ffc84e54000 	C:\WINDOWS\SYSTEM32\WINMM.dll
0x00007ffc7ac80000 - 0x00007ffc7ac8a000 	C:\WINDOWS\SYSTEM32\VERSION.dll
0x00007ffc68af0000 - 0x00007ffc68af9000 	C:\WINDOWS\SYSTEM32\WSOCK32.dll
0x00007ffc8dea0000 - 0x00007ffc8df11000 	C:\WINDOWS\System32\ws2_32.DLL
0x00007ffc8b4a0000 - 0x00007ffc8b4b8000 	C:\WINDOWS\SYSTEM32\kernel.appcore.dll
0x00007ffc71030000 - 0x00007ffc7103a000 	c:\Users\MAHESH\.vscode\extensions\redhat.java-1.17.0-win32-x64\jre\17.0.6-win32-x86_64\bin\jimage.dll
0x00007ffc89dc0000 - 0x00007ffc89fee000 	C:\WINDOWS\SYSTEM32\DBGHELP.DLL
0x00007ffc8cfa0000 - 0x00007ffc8d329000 	C:\WINDOWS\System32\combase.dll
0x00007ffc8ef10000 - 0x00007ffc8efe7000 	C:\WINDOWS\System32\OLEAUT32.dll
0x00007ffc69790000 - 0x00007ffc697c2000 	C:\WINDOWS\SYSTEM32\dbgcore.DLL
0x00007ffc8cdc0000 - 0x00007ffc8ce3b000 	C:\WINDOWS\System32\bcryptPrimitives.dll
0x00007ffc70b80000 - 0x00007ffc70b8e000 	c:\Users\MAHESH\.vscode\extensions\redhat.java-1.17.0-win32-x64\jre\17.0.6-win32-x86_64\bin\instrument.dll
0x00007ffc707f0000 - 0x00007ffc70815000 	c:\Users\MAHESH\.vscode\extensions\redhat.java-1.17.0-win32-x64\jre\17.0.6-win32-x86_64\bin\java.dll
0x00007ffc709f0000 - 0x00007ffc70a08000 	c:\Users\MAHESH\.vscode\extensions\redhat.java-1.17.0-win32-x64\jre\17.0.6-win32-x86_64\bin\zip.dll
0x00007ffc8e5e0000 - 0x00007ffc8edd0000 	C:\WINDOWS\System32\SHELL32.dll
0x00007ffc8a3f0000 - 0x00007ffc8acbd000 	C:\WINDOWS\SYSTEM32\windows.storage.dll
0x00007ffc8a2b0000 - 0x00007ffc8a3ee000 	C:\WINDOWS\SYSTEM32\wintypes.dll
0x00007ffc8e220000 - 0x00007ffc8e311000 	C:\WINDOWS\System32\SHCORE.dll
0x00007ffc8d3e0000 - 0x00007ffc8d43e000 	C:\WINDOWS\System32\shlwapi.dll
0x00007ffc8c3a0000 - 0x00007ffc8c3c1000 	C:\WINDOWS\SYSTEM32\profapi.dll
0x00007ffc6fbb0000 - 0x00007ffc6fbc9000 	C:\Users\MAHESH\.vscode\extensions\redhat.java-1.17.0-win32-x64\jre\17.0.6-win32-x86_64\bin\net.dll
0x00007ffc86210000 - 0x00007ffc86347000 	C:\WINDOWS\SYSTEM32\WINHTTP.dll
0x00007ffc8b930000 - 0x00007ffc8b999000 	C:\WINDOWS\system32\mswsock.dll
0x00007ffc6fb20000 - 0x00007ffc6fb35000 	C:\Users\MAHESH\.vscode\extensions\redhat.java-1.17.0-win32-x64\jre\17.0.6-win32-x86_64\bin\nio.dll
0x00007ffc707e0000 - 0x00007ffc707f0000 	c:\Users\MAHESH\.vscode\extensions\redhat.java-1.17.0-win32-x64\jre\17.0.6-win32-x86_64\bin\verify.dll
0x00007ffc6fae0000 - 0x00007ffc6fb1e000 	C:\Users\MAHESH\AppData\Roaming\Code\User\globalStorage\redhat.java\1.17.0\config_ss_win\org.eclipse.equinox.launcher\org.eclipse.equinox.launcher.win32.win32.x86_64_1.2.700.v20221108-1024\eclipse_11801.dll
0x00007ffc8e050000 - 0x00007ffc8e1ec000 	C:\WINDOWS\System32\ole32.dll
0x00007ffc6ff20000 - 0x00007ffc6ff29000 	C:\Users\MAHESH\.vscode\extensions\redhat.java-1.17.0-win32-x64\jre\17.0.6-win32-x86_64\bin\management.dll
0x00007ffc6fd20000 - 0x00007ffc6fd2b000 	C:\Users\MAHESH\.vscode\extensions\redhat.java-1.17.0-win32-x64\jre\17.0.6-win32-x86_64\bin\management_ext.dll
0x00007ffc8e4e0000 - 0x00007ffc8e4e8000 	C:\WINDOWS\System32\PSAPI.DLL

dbghelp: loaded successfully - version: 4.0.5 - missing functions: none
symbol engine: initialized successfully - sym options: 0x614 - pdb path: .;c:\Users\MAHESH\.vscode\extensions\redhat.java-1.17.0-win32-x64\jre\17.0.6-win32-x86_64\bin;C:\WINDOWS\SYSTEM32;C:\WINDOWS\WinSxS\amd64_microsoft.windows.common-controls_6595b64144ccf1df_6.0.22621.608_none_a9444ca7c10bb01d;c:\Users\MAHESH\.vscode\extensions\redhat.java-1.17.0-win32-x64\jre\17.0.6-win32-x86_64\bin\server;C:\Users\MAHESH\AppData\Roaming\Code\User\globalStorage\redhat.java\1.17.0\config_ss_win\org.eclipse.equinox.launcher\org.eclipse.equinox.launcher.win32.win32.x86_64_1.2.700.v20221108-1024

VM Arguments:
jvm_args: --add-modules=ALL-SYSTEM --add-opens=java.base/java.util=ALL-UNNAMED --add-opens=java.base/java.lang=ALL-UNNAMED --add-opens=java.base/sun.nio.fs=ALL-UNNAMED -Declipse.application=org.eclipse.jdt.ls.core.id1 -Dosgi.bundles.defaultStartLevel=4 -Declipse.product=org.eclipse.jdt.ls.core.product -Djava.import.generatesMetadataFilesAtProjectRoot=false -Dfile.encoding=utf8 -XX:+UseParallelGC -XX:GCTimeRatio=4 -XX:AdaptiveSizePolicyWeight=90 -Dsun.zip.disableMemoryMapping=true -Xmx1G -Xms100m -Xlog:disable -javaagent:c:\Users\MAHESH\.vscode\extensions\redhat.java-1.17.0-win32-x64\lombok\lombok-1.18.24.jar 
java_command: c:\Users\MAHESH\.vscode\extensions\redhat.java-1.17.0-win32-x64\server\plugins\org.eclipse.equinox.launcher_1.6.400.v20210924-0641.jar -configuration c:\Users\MAHESH\AppData\Roaming\Code\User\globalStorage\redhat.java\1.17.0\config_ss_win -data c:\Users\MAHESH\AppData\Roaming\Code\User\workspaceStorage\fe89bc257ef8e11c8f47eeced8d5dae4\redhat.java\ss_ws
java_class_path (initial): c:\Users\MAHESH\.vscode\extensions\redhat.java-1.17.0-win32-x64\server\plugins\org.eclipse.equinox.launcher_1.6.400.v20210924-0641.jar
Launcher Type: SUN_STANDARD

[Global flags]
    uintx AdaptiveSizePolicyWeight                 = 90                                        {product} {command line}
     intx CICompilerCount                          = 4                                         {product} {ergonomic}
    uintx GCTimeRatio                              = 4                                         {product} {command line}
   size_t InitialHeapSize                          = 104857600                                 {product} {command line}
   size_t MaxHeapSize                              = 1073741824                                {product} {command line}
   size_t MaxNewSize                               = 357564416                                 {product} {ergonomic}
   size_t MinHeapDeltaBytes                        = 524288                                    {product} {ergonomic}
   size_t MinHeapSize                              = 104857600                                 {product} {command line}
   size_t NewSize                                  = 34603008                                  {product} {ergonomic}
    uintx NonNMethodCodeHeapSize                   = 5839372                                {pd product} {ergonomic}
    uintx NonProfiledCodeHeapSize                  = 122909434                              {pd product} {ergonomic}
   size_t OldSize                                  = 70254592                                  {product} {ergonomic}
    uintx ProfiledCodeHeapSize                     = 122909434                              {pd product} {ergonomic}
    uintx ReservedCodeCacheSize                    = 251658240                              {pd product} {ergonomic}
     bool SegmentedCodeCache                       = true                                      {product} {ergonomic}
   size_t SoftMaxHeapSize                          = 1073741824                             {manageable} {ergonomic}
     bool UseCompressedClassPointers               = true                           {product lp64_product} {ergonomic}
     bool UseCompressedOops                        = true                           {product lp64_product} {ergonomic}
     bool UseLargePagesIndividualAllocation        = false                                  {pd product} {ergonomic}
     bool UseParallelGC                            = true                                      {product} {command line}

Logging:
Log output configuration:
 #0: stdout all=off uptime,level,tags
 #1: stderr all=off uptime,level,tags

Environment Variables:
PATH=C:\Program Files\Common Files\Oracle\Java\javapath;C:\WINDOWS\system32;C:\WINDOWS;C:\WINDOWS\System32\Wbem;C:\WINDOWS\System32\WindowsPowerShell\v1.0\;C:\WINDOWS\System32\OpenSSH\;C:\Program Files\Microsoft SQL Server\140\Tools\Binn\;C:\flutter\flutter\bin;C:\Program Files\MySQL\MySQL Server 8.0\bin;C:\PHP;c:\xampp\mysql\bin\mysqld.exe --defaults-file=c:\xampp\mysql\bin\my.ini mysql;C:\Program Files\Git\cmd;;C:\Users\MAHESH\anaconda3;C:\Users\MAHESH\anaconda3\Library\bin;C:\Program Files\Python36;C:\Program Files\MySQL\MySQL Server 8.0\bin;c:\xampp\mysql\bin\mysqld.exe --defaults-file=c:\xampp\mysql\bin\my.ini;C:\Program Files\nodejs\;C:\Program Files\Docker\Docker\resources\bin;C:\Program Files\eSpeak NG\;C:\Users\MAHESH\ANACONDA;C:\Users\MAHESH\ANACONDA\Library\mingw-w64\bin;C:\Users\MAHESH\ANACONDA\Library\usr\bin;C:\Users\MAHESH\ANACONDA\Library\bin;C:\Users\MAHESH\ANACONDA\Scripts;C:\Program Files\MySQL\MySQL Shell 8.0\bin\;C:\Users\MAHESH\AppData\Local\Programs\Python\Python310\Scripts\;C:\Users\MAHESH\AppData\Local\Programs\Python\Python310\;C:\Users\MAHESH\AppData\Local\Microsoft\WindowsApps;C:\Users\MAHESH\AppData\Local\Programs\Microsoft VS Code\bin;C:\Program Files\MySQL\MySQL Server 8.0\bin\mysqld;C:\Program Files\MongoDB\Server\5.0\bin;C:\PHP;;C:\Program Files\Python36;C:\Users\MAHESH\AppData\Local\Microsoft\WindowsApps;D:\PyCharm 2022.3.2\bin;;C:\Users\MAHESH\AppData\Roaming\npm
USERNAME=MAHESH
OS=Windows_NT
PROCESSOR_IDENTIFIER=Intel64 Family 6 Model 140 Stepping 1, GenuineIntel
TMP=C:\Users\MAHESH\AppData\Local\Temp
TEMP=C:\Users\MAHESH\AppData\Local\Temp



---------------  S Y S T E M  ---------------

OS:
 Windows 11 , 64 bit Build 22621 (10.0.22621.1485)
OS uptime: 0 days 0:33 hours
Hyper-V role detected

CPU: total 8 (initial active 8) (4 cores per cpu, 2 threads per core) family 6 model 140 stepping 1 microcode 0xa4, cx8, cmov, fxsr, ht, mmx, 3dnowpref, sse, sse2, sse3, ssse3, sse4.1, sse4.2, popcnt, lzcnt, tsc, tscinvbit, avx, avx2, aes, erms, clmul, bmi1, bmi2, adx, avx512f, avx512dq, avx512cd, avx512bw, avx512vl, sha, fma, vzeroupper, avx512_vpopcntdq, avx512_vpclmulqdq, avx512_vaes, avx512_vnni, clflush, clflushopt, clwb, avx512_vbmi2, avx512_vbmi, hv

Memory: 4k page, system-wide physical 7957M (1094M free)
TotalPageFile size 7957M (AvailPageFile size 61M)
current process WorkingSet (physical memory assigned to process): 94M, peak: 98M
current process commit charge ("private bytes"): 209M, peak: 214M

vm_info: OpenJDK 64-Bit Server VM (17.0.6+10) for windows-amd64 JRE (17.0.6+10), built on Jan 18 2023 10:08:59 by "temurin" with MS VC++ 16.7 (VS2019)

END.
