#
# There is insufficient memory for the Java Runtime Environment to continue.
# Native memory allocation (mmap) failed to map 65536 bytes for Failed to commit metaspace.
# Possible reasons:
#   The system is out of physical RAM or swap space
#   The process is running with CompressedOops enabled, and the Java Heap may be blocking the growth of the native heap
# Possible solutions:
#   Reduce memory load on the system
#   Increase physical memory or swap space
#   Check if swap backing store is full
#   Decrease Java heap size (-Xmx/-Xms)
#   Decrease number of Java threads
#   Decrease Java thread stack sizes (-Xss)
#   Set larger code cache with -XX:ReservedCodeCacheSize=
#   JVM is running with Unscaled Compressed Oops mode in which the Java heap is
#     placed in the first 4GB address space. The Java Heap base address is the
#     maximum limit for the native heap growth. Please use -XX:HeapBaseMinAddress
#     to set the Java Heap base and to place the Java Heap above 4GB virtual address.
# This output file may be truncated or incomplete.
#
#  Out of Memory Error (virtualSpaceNode.cpp:110), pid=15740, tid=640
#
# JRE version: OpenJDK Runtime Environment Temurin-17.0.6+10 (17.0.6+10) (build 17.0.6+10)
# Java VM: OpenJDK 64-Bit Server VM Temurin-17.0.6+10 (17.0.6+10, mixed mode, tiered, compressed oops, compressed class ptrs, parallel gc, windows-amd64)
# No core dump will be written. Minidumps are not enabled by default on client versions of Windows
#

---------------  S U M M A R Y ------------

Command Line: --add-modules=ALL-SYSTEM --add-opens=java.base/java.util=ALL-UNNAMED --add-opens=java.base/java.lang=ALL-UNNAMED --add-opens=java.base/sun.nio.fs=ALL-UNNAMED -Declipse.application=org.eclipse.jdt.ls.core.id1 -Dosgi.bundles.defaultStartLevel=4 -Declipse.product=org.eclipse.jdt.ls.core.product -Djava.import.generatesMetadataFilesAtProjectRoot=false -Dfile.encoding=utf8 -XX:+UseParallelGC -XX:GCTimeRatio=4 -XX:AdaptiveSizePolicyWeight=90 -Dsun.zip.disableMemoryMapping=true -Xmx1G -Xms100m -Xlog:disable -javaagent:c:\Users\MAHESH\.vscode\extensions\redhat.java-1.17.0-win32-x64\lombok\lombok-1.18.24.jar c:\Users\MAHESH\.vscode\extensions\redhat.java-1.17.0-win32-x64\server\plugins\org.eclipse.equinox.launcher_1.6.400.v20210924-0641.jar -configuration c:\Users\MAHESH\AppData\Roaming\Code\User\globalStorage\redhat.java\1.17.0\config_ss_win -data c:\Users\MAHESH\AppData\Roaming\Code\User\workspaceStorage\fe89bc257ef8e11c8f47eeced8d5dae4\redhat.java\ss_ws

Host: 11th Gen Intel(R) Core(TM) i5-1135G7 @ 2.40GHz, 8 cores, 7G,  Windows 11 , 64 bit Build 22621 (10.0.22621.1485)
Time: Sat May  6 09:12:19 2023 India Standard Time elapsed time: 0.520924 seconds (0d 0h 0m 0s)

---------------  T H R E A D  ---------------

Current thread (0x000001c2b1f7c7d0):  JavaThread "main" [_thread_in_vm, id=640, stack(0x0000003ceef00000,0x0000003cef000000)]

Stack: [0x0000003ceef00000,0x0000003cef000000]
Native frames: (J=compiled Java code, j=interpreted, Vv=VM code, C=native code)
V  [jvm.dll+0x67741a]
V  [jvm.dll+0x834434]
V  [jvm.dll+0x835bde]
V  [jvm.dll+0x836243]
V  [jvm.dll+0x2457b5]
V  [jvm.dll+0x8304cb]
V  [jvm.dll+0x61bca6]
V  [jvm.dll+0x61bd0a]
V  [jvm.dll+0x61e52a]
V  [jvm.dll+0x61c646]
V  [jvm.dll+0x1e8547]
V  [jvm.dll+0x1eb353]
V  [jvm.dll+0x1e0841]
V  [jvm.dll+0x53c6d0]
V  [jvm.dll+0x1f1017]
V  [jvm.dll+0x7aea1b]
V  [jvm.dll+0x7afdc2]
V  [jvm.dll+0x7b00f8]
V  [jvm.dll+0x23dbbe]
V  [jvm.dll+0x380abb]
C  0x000001c2bc13f104

Java frames: (J=compiled Java code, j=interpreted, Vv=VM code)
j  sun.security.rsa.RSAUtil$KeyType.<clinit>()V+31 java.base@17.0.6
v  ~StubRoutines::call_stub
j  sun.security.rsa.RSAKeyFactory$Legacy.<init>()V+1 java.base@17.0.6
v  ~StubRoutines::call_stub
j  jdk.internal.reflect.NativeConstructorAccessorImpl.newInstance0(Ljava/lang/reflect/Constructor;[Ljava/lang/Object;)Ljava/lang/Object;+0 java.base@17.0.6
j  jdk.internal.reflect.NativeConstructorAccessorImpl.newInstance([Ljava/lang/Object;)Ljava/lang/Object;+118 java.base@17.0.6
j  jdk.internal.reflect.DelegatingConstructorAccessorImpl.newInstance([Ljava/lang/Object;)Ljava/lang/Object;+5 java.base@17.0.6
j  java.lang.reflect.Constructor.newInstanceWithCaller([Ljava/lang/Object;ZLjava/lang/Class;)Ljava/lang/Object;+66 java.base@17.0.6
j  java.lang.reflect.Constructor.newInstance([Ljava/lang/Object;)Ljava/lang/Object;+30 java.base@17.0.6
j  java.security.Provider$Service.newInstanceOf()Ljava/lang/Object;+9 java.base@17.0.6
j  java.security.Provider$Service.newInstanceUtil(Ljava/lang/Class;Ljava/lang/Object;)Ljava/lang/Object;+5 java.base@17.0.6
j  java.security.Provider$Service.newInstance(Ljava/lang/Object;)Ljava/lang/Object;+227 java.base@17.0.6
j  java.security.KeyFactory.nextSpi(Ljava/security/KeyFactorySpi;)Ljava/security/KeyFactorySpi;+64 java.base@17.0.6
j  java.security.KeyFactory.<init>(Ljava/lang/String;)V+39 java.base@17.0.6
j  java.security.KeyFactory.getInstance(Ljava/lang/String;)Ljava/security/KeyFactory;+12 java.base@17.0.6
j  sun.security.x509.X509Key.buildX509Key(Lsun/security/x509/AlgorithmId;Lsun/security/util/BitArray;)Ljava/security/PublicKey;+30 java.base@17.0.6
j  sun.security.x509.X509Key.parse(Lsun/security/util/DerValue;)Ljava/security/PublicKey;+38 java.base@17.0.6
j  sun.security.x509.CertificateX509Key.<init>(Lsun/security/util/DerInputStream;)V+11 java.base@17.0.6
j  sun.security.x509.X509CertInfo.parse(Lsun/security/util/DerValue;)V+182 java.base@17.0.6
j  sun.security.x509.X509CertInfo.<init>(Lsun/security/util/DerValue;)V+67 java.base@17.0.6
j  sun.security.x509.X509CertImpl.parse(Lsun/security/util/DerValue;)V+228 java.base@17.0.6
j  sun.security.x509.X509CertImpl.<init>([B)V+50 java.base@17.0.6
j  sun.security.provider.X509Factory.engineGenerateCertificate(Ljava/io/InputStream;)Ljava/security/cert/Certificate;+54 java.base@17.0.6
j  java.security.cert.CertificateFactory.generateCertificate(Ljava/io/InputStream;)Ljava/security/cert/Certificate;+5 java.base@17.0.6
j  sun.security.pkcs.PKCS7.parseSignedData(Lsun/security/util/DerValue;)V+264 java.base@17.0.6
j  sun.security.pkcs.PKCS7.parse(Lsun/security/util/DerInputStream;Z)V+40 java.base@17.0.6
j  sun.security.pkcs.PKCS7.parse(Lsun/security/util/DerInputStream;)V+11 java.base@17.0.6
j  sun.security.pkcs.PKCS7.<init>([B)V+50 java.base@17.0.6
j  sun.security.util.SignatureFileVerifier.<init>(Ljava/util/ArrayList;Lsun/security/util/ManifestDigester;Ljava/lang/String;[B)V+40 java.base@17.0.6
j  java.util.jar.JarVerifier.processEntry(Lsun/security/util/ManifestEntryVerifier;)V+322 java.base@17.0.6
j  java.util.jar.JarVerifier.update(I[BIILsun/security/util/ManifestEntryVerifier;)V+39 java.base@17.0.6
j  java.util.jar.JarFile.initializeVerifier()V+163 java.base@17.0.6
j  java.util.jar.JarFile.ensureInitialization()V+41 java.base@17.0.6
j  java.util.jar.JavaUtilJarAccessImpl.ensureInitialization(Ljava/util/jar/JarFile;)V+1 java.base@17.0.6
j  jdk.internal.loader.URLClassPath$JarLoader$2.getManifest()Ljava/util/jar/Manifest;+10 java.base@17.0.6
j  jdk.internal.loader.BuiltinClassLoader.defineClass(Ljava/lang/String;Ljdk/internal/loader/Resource;)Ljava/lang/Class;+29 java.base@17.0.6
j  jdk.internal.loader.BuiltinClassLoader.findClassOnClassPathOrNull(Ljava/lang/String;)Ljava/lang/Class;+37 java.base@17.0.6
j  jdk.internal.loader.BuiltinClassLoader.loadClassOrNull(Ljava/lang/String;Z)Ljava/lang/Class;+111 java.base@17.0.6
j  jdk.internal.loader.BuiltinClassLoader.loadClass(Ljava/lang/String;Z)Ljava/lang/Class;+3 java.base@17.0.6
j  jdk.internal.loader.ClassLoaders$AppClassLoader.loadClass(Ljava/lang/String;Z)Ljava/lang/Class;+36 java.base@17.0.6
j  java.lang.ClassLoader.loadClass(Ljava/lang/String;)Ljava/lang/Class;+3 java.base@17.0.6
v  ~StubRoutines::call_stub
j  java.lang.Class.forName0(Ljava/lang/String;ZLjava/lang/ClassLoader;Ljava/lang/Class;)Ljava/lang/Class;+0 java.base@17.0.6
j  java.lang.Class.forName(Ljava/lang/String;ZLjava/lang/ClassLoader;)Ljava/lang/Class;+43 java.base@17.0.6
j  sun.launcher.LauncherHelper.loadMainClass(ILjava/lang/String;)Ljava/lang/Class;+95 java.base@17.0.6
j  sun.launcher.LauncherHelper.checkAndLoadMain(ZILjava/lang/String;)Ljava/lang/Class;+42 java.base@17.0.6
v  ~StubRoutines::call_stub

---------------  P R O C E S S  ---------------

Threads class SMR info:
_java_thread_list=0x000001c2c7c939f0, length=13, elements={
0x000001c2b1f7c7d0, 0x000001c2b20329a0, 0x000001c2b2033cf0, 0x000001c2c5dfbf20,
0x000001c2c5dfc8e0, 0x000001c2c5dfdc30, 0x000001c2c7961460, 0x000001c2c7962100,
0x000001c2c7963ac0, 0x000001c2c79667f0, 0x000001c2c7a79000, 0x000001c2c7b39f70,
0x000001c2c7c1ed10
}

Java Threads: ( => current thread )
=>0x000001c2b1f7c7d0 JavaThread "main" [_thread_in_vm, id=640, stack(0x0000003ceef00000,0x0000003cef000000)]
  0x000001c2b20329a0 JavaThread "Reference Handler" daemon [_thread_blocked, id=11364, stack(0x0000003cef200000,0x0000003cef300000)]
  0x000001c2b2033cf0 JavaThread "Finalizer" daemon [_thread_blocked, id=16024, stack(0x0000003cef300000,0x0000003cef400000)]
  0x000001c2c5dfbf20 JavaThread "Signal Dispatcher" daemon [_thread_blocked, id=1688, stack(0x0000003cef400000,0x0000003cef500000)]
  0x000001c2c5dfc8e0 JavaThread "Attach Listener" daemon [_thread_blocked, id=2700, stack(0x0000003cef500000,0x0000003cef600000)]
  0x000001c2c5dfdc30 JavaThread "Service Thread" daemon [_thread_blocked, id=9892, stack(0x0000003cef600000,0x0000003cef700000)]
  0x000001c2c7961460 JavaThread "Monitor Deflation Thread" daemon [_thread_blocked, id=18828, stack(0x0000003cef700000,0x0000003cef800000)]
  0x000001c2c7962100 JavaThread "C2 CompilerThread0" daemon [_thread_blocked, id=9124, stack(0x0000003cef800000,0x0000003cef900000)]
  0x000001c2c7963ac0 JavaThread "C1 CompilerThread0" daemon [_thread_blocked, id=15724, stack(0x0000003cef900000,0x0000003cefa00000)]
  0x000001c2c79667f0 JavaThread "Sweeper thread" daemon [_thread_blocked, id=6168, stack(0x0000003cefa00000,0x0000003cefb00000)]
  0x000001c2c7a79000 JavaThread "Common-Cleaner" daemon [_thread_blocked, id=15072, stack(0x0000003cefb00000,0x0000003cefc00000)]
  0x000001c2c7b39f70 JavaThread "C2 CompilerThread1" daemon [_thread_blocked, id=9396, stack(0x0000003cefc00000,0x0000003cefd00000)]
  0x000001c2c7c1ed10 JavaThread "Notification Thread" daemon [_thread_blocked, id=5112, stack(0x0000003cefd00000,0x0000003cefe00000)]

Other Threads:
  0x000001c2b203ed30 VMThread "VM Thread" [stack: 0x0000003cef100000,0x0000003cef200000] [id=14272]
  0x000001c2c7c1f1e0 WatcherThread [stack: 0x0000003cefe00000,0x0000003ceff00000] [id=7588]
  0x000001c2b1f91ec0 GCTaskThread "GC Thread#0" [stack: 0x0000003cef000000,0x0000003cef100000] [id=8716]

Threads with active compile tasks:

VM state: not at safepoint (normal execution)

VM Mutex/Monitor currently owned by a thread:  ([mutex/lock_event])
[0x000001c2afdd7950] Metaspace_lock - owner thread: 0x000001c2b1f7c7d0

Heap address: 0x00000000c0000000, size: 1024 MB, Compressed Oops mode: 32-bit

CDS archive(s) not mapped
Compressed class space mapped at: 0x0000000100000000-0x0000000140000000, reserved size: 1073741824
Narrow klass base: 0x0000000000000000, Narrow klass shift: 3, Narrow klass range: 0x140000000

GC Precious Log:
 CPUs: 8 total, 8 available
 Memory: 7957M
 Large Page Support: Disabled
 NUMA Support: Disabled
 Compressed Oops: Enabled (32-bit)
 Alignments: Space 512K, Generation 512K, Heap 2M
 Heap Min Capacity: 100M
 Heap Initial Capacity: 100M
 Heap Max Capacity: 1G
 Pre-touch: Disabled
 Parallel Workers: 8

Heap:
 PSYoungGen      total 29696K, used 9317K [0x00000000eab00000, 0x00000000ecc00000, 0x0000000100000000)
  eden space 25600K, 36% used [0x00000000eab00000,0x00000000eb419500,0x00000000ec400000)
  from space 4096K, 0% used [0x00000000ec800000,0x00000000ec800000,0x00000000ecc00000)
  to   space 4096K, 0% used [0x00000000ec400000,0x00000000ec400000,0x00000000ec800000)
 ParOldGen       total 68608K, used 0K [0x00000000c0000000, 0x00000000c4300000, 0x00000000eab00000)
  object space 68608K, 0% used [0x00000000c0000000,0x00000000c0000000,0x00000000c4300000)
 Metaspace       used 7155K, committed 7232K, reserved 1056768K
  class space    used 699K, committed 768K, reserved 1048576K

Card table byte_map: [0x000001c2b1950000,0x000001c2b1b60000] _byte_map_base: 0x000001c2b1350000

Marking Bits: (ParMarkBitMap*) 0x00007ffc3f553e70
 Begin Bits: [0x000001c2c3c00000, 0x000001c2c4c00000)
 End Bits:   [0x000001c2c4c00000, 0x000001c2c5c00000)

Polling page: 0x000001c2b1740000

Metaspace:

Usage:
  Non-class:      6.30 MB used.
      Class:    699.45 KB used.
       Both:      6.99 MB used.

Virtual space:
  Non-class space:        8.00 MB reserved,       6.31 MB ( 79%) committed,  1 nodes.
      Class space:        1.00 GB reserved,     768.00 KB ( <1%) committed,  1 nodes.
             Both:        1.01 GB reserved,       7.06 MB ( <1%) committed. 

Chunk freelists:
   Non-Class:  1.00 MB
       Class:  3.22 MB
        Both:  4.22 MB

MaxMetaspaceSize: unlimited
CompressedClassSpaceSize: 1.00 GB
Initial GC threshold: 21.00 MB
Current GC threshold: 21.00 MB
CDS: off
MetaspaceReclaimPolicy: balanced
 - commit_granule_bytes: 65536.
 - commit_granule_words: 8192.
 - virtual_space_node_default_size: 1048576.
 - enlarge_chunks_in_place: 1.
 - new_chunks_are_fully_committed: 0.
 - uncommit_free_chunks: 1.
 - use_allocation_guard: 0.
 - handle_deallocations: 1.


Internal statistics:

num_allocs_failed_limit: 0.
num_arena_births: 10.
num_arena_deaths: 0.
num_vsnodes_births: 2.
num_vsnodes_deaths: 0.
num_space_committed: 113.
num_space_uncommitted: 0.
num_chunks_returned_to_freelist: 0.
num_chunks_taken_from_freelist: 37.
num_chunk_merges: 0.
num_chunk_splits: 20.
num_chunks_enlarged: 16.
num_purges: 0.
num_inconsistent_stats: 0.

CodeHeap 'non-profiled nmethods': size=120000Kb used=144Kb max_used=144Kb free=119855Kb
 bounds [0x000001c2bc6d0000, 0x000001c2bc940000, 0x000001c2c3c00000]
CodeHeap 'profiled nmethods': size=120000Kb used=582Kb max_used=582Kb free=119417Kb
 bounds [0x000001c2b4c00000, 0x000001c2b4e70000, 0x000001c2bc130000]
CodeHeap 'non-nmethods': size=5760Kb used=1116Kb max_used=1134Kb free=4643Kb
 bounds [0x000001c2bc130000, 0x000001c2bc3a0000, 0x000001c2bc6d0000]
 total_blobs=828 nmethods=442 adapters=301
 compilation: enabled
              stopped_count=0, restarted_count=0
 full_count=0

Compilation events (20 events):
Event: 0.505 Thread 0x000001c2c7963ac0  432       3       sun.security.util.ObjectIdentifier::pack (221 bytes)
Event: 0.505 Thread 0x000001c2c7963ac0 nmethod 432 0x000001c2b4c90a90 code [0x000001c2b4c90c60, 0x000001c2b4c91288]
Event: 0.506 Thread 0x000001c2c7b39f70  433       4       java.util.HashMap$HashIterator::<init> (79 bytes)
Event: 0.506 Thread 0x000001c2c7962100  434       4       java.util.ArrayList$Itr::hasNext (20 bytes)
Event: 0.507 Thread 0x000001c2c7962100 nmethod 434 0x000001c2bc6f0810 code [0x000001c2bc6f0980, 0x000001c2bc6f0a18]
Event: 0.511 Thread 0x000001c2c7b39f70 nmethod 433 0x000001c2bc6f0b10 code [0x000001c2bc6f0ca0, 0x000001c2bc6f0f98]
Event: 0.511 Thread 0x000001c2c7b39f70  435       4       java.lang.String::replace (42 bytes)
Event: 0.512 Thread 0x000001c2c7962100  436       4       java.util.ArrayList$Itr::next (66 bytes)
Event: 0.513 Thread 0x000001c2c7962100 nmethod 436 0x000001c2bc6f1110 code [0x000001c2bc6f12a0, 0x000001c2bc6f13d8]
Event: 0.513 Thread 0x000001c2c7963ac0  437       1       sun.security.util.KnownOIDs::value (5 bytes)
Event: 0.513 Thread 0x000001c2c7963ac0 nmethod 437 0x000001c2bc6f1510 code [0x000001c2bc6f16a0, 0x000001c2bc6f1778]
Event: 0.513 Thread 0x000001c2c7963ac0  438       1       java.security.Provider$Service::getType (5 bytes)
Event: 0.514 Thread 0x000001c2c7962100  441       4       java.lang.StringBuilder::append (8 bytes)
Event: 0.514 Thread 0x000001c2c7963ac0 nmethod 438 0x000001c2bc6f1810 code [0x000001c2bc6f19a0, 0x000001c2bc6f1a78]
Event: 0.514 Thread 0x000001c2c7963ac0  439       1       java.security.Provider$Service::getAlgorithm (5 bytes)
Event: 0.514 Thread 0x000001c2c7963ac0 nmethod 439 0x000001c2bc6f1b10 code [0x000001c2bc6f1ca0, 0x000001c2bc6f1d78]
Event: 0.514 Thread 0x000001c2c7963ac0  443       3       java.security.Provider$ServiceKey::hashCode (19 bytes)
Event: 0.514 Thread 0x000001c2c7963ac0 nmethod 443 0x000001c2b4c91510 code [0x000001c2b4c916c0, 0x000001c2b4c91858]
Event: 0.514 Thread 0x000001c2c7963ac0  440       1       java.security.Provider$Service::getAliases (5 bytes)
Event: 0.514 Thread 0x000001c2c7963ac0 nmethod 440 0x000001c2bc6f1e10 code [0x000001c2bc6f1fa0, 0x000001c2bc6f2078]

GC Heap History (0 events):
No events

Dll operation events (8 events):
Event: 0.034 Loaded shared library c:\Users\MAHESH\.vscode\extensions\redhat.java-1.17.0-win32-x64\jre\17.0.6-win32-x86_64\bin\java.dll
Event: 0.233 Loaded shared library c:\Users\MAHESH\.vscode\extensions\redhat.java-1.17.0-win32-x64\jre\17.0.6-win32-x86_64\bin\zip.dll
Event: 0.236 Loaded shared library C:\Users\MAHESH\.vscode\extensions\redhat.java-1.17.0-win32-x64\jre\17.0.6-win32-x86_64\bin\instrument.dll
Event: 0.251 Loaded shared library C:\Users\MAHESH\.vscode\extensions\redhat.java-1.17.0-win32-x64\jre\17.0.6-win32-x86_64\bin\net.dll
Event: 0.253 Loaded shared library C:\Users\MAHESH\.vscode\extensions\redhat.java-1.17.0-win32-x64\jre\17.0.6-win32-x86_64\bin\nio.dll
Event: 0.262 Loaded shared library C:\Users\MAHESH\.vscode\extensions\redhat.java-1.17.0-win32-x64\jre\17.0.6-win32-x86_64\bin\zip.dll
Event: 0.275 Loaded shared library C:\Users\MAHESH\.vscode\extensions\redhat.java-1.17.0-win32-x64\jre\17.0.6-win32-x86_64\bin\jimage.dll
Event: 0.334 Loaded shared library c:\Users\MAHESH\.vscode\extensions\redhat.java-1.17.0-win32-x64\jre\17.0.6-win32-x86_64\bin\verify.dll

Deoptimization events (20 events):
Event: 0.458 Thread 0x000001c2b1f7c7d0 Uncommon trap: trap_request=0xffffff45 fr.pc=0x000001c2bc6da85c relative=0x000000000000005c
Event: 0.458 Thread 0x000001c2b1f7c7d0 Uncommon trap: reason=unstable_if action=reinterpret pc=0x000001c2bc6da85c method=java.lang.String.isLatin1()Z @ 10 c2
Event: 0.458 Thread 0x000001c2b1f7c7d0 DEOPT PACKING pc=0x000001c2bc6da85c sp=0x0000003ceeffe3c0
Event: 0.458 Thread 0x000001c2b1f7c7d0 DEOPT UNPACKING pc=0x000001c2bc189ea3 sp=0x0000003ceeffe350 mode 2
Event: 0.459 Thread 0x000001c2b1f7c7d0 Uncommon trap: trap_request=0xffffff45 fr.pc=0x000001c2bc6dedf4 relative=0x0000000000000074
Event: 0.459 Thread 0x000001c2b1f7c7d0 Uncommon trap: reason=unstable_if action=reinterpret pc=0x000001c2bc6dedf4 method=java.lang.String.isLatin1()Z @ 10 c2
Event: 0.459 Thread 0x000001c2b1f7c7d0 DEOPT PACKING pc=0x000001c2bc6dedf4 sp=0x0000003ceeffedc0
Event: 0.459 Thread 0x000001c2b1f7c7d0 DEOPT UNPACKING pc=0x000001c2bc189ea3 sp=0x0000003ceeffed00 mode 2
Event: 0.465 Thread 0x000001c2b1f7c7d0 DEOPT PACKING pc=0x000001c2b4c19900 sp=0x0000003ceeffc850
Event: 0.465 Thread 0x000001c2b1f7c7d0 DEOPT UNPACKING pc=0x000001c2bc18a9e3 sp=0x0000003ceeffbd10 mode 0
Event: 0.469 Thread 0x000001c2b1f7c7d0 DEOPT PACKING pc=0x000001c2b4c19900 sp=0x0000003ceeffa420
Event: 0.469 Thread 0x000001c2b1f7c7d0 DEOPT UNPACKING pc=0x000001c2bc18a9e3 sp=0x0000003ceeff98e0 mode 0
Event: 0.469 Thread 0x000001c2b1f7c7d0 DEOPT PACKING pc=0x000001c2b4c19900 sp=0x0000003ceeffa420
Event: 0.469 Thread 0x000001c2b1f7c7d0 DEOPT UNPACKING pc=0x000001c2bc18a9e3 sp=0x0000003ceeff98e0 mode 0
Event: 0.470 Thread 0x000001c2b1f7c7d0 DEOPT PACKING pc=0x000001c2b4c19827 sp=0x0000003ceeffaf70
Event: 0.470 Thread 0x000001c2b1f7c7d0 DEOPT UNPACKING pc=0x000001c2bc18a9e3 sp=0x0000003ceeffa420 mode 0
Event: 0.486 Thread 0x000001c2b1f7c7d0 Uncommon trap: trap_request=0xffffff45 fr.pc=0x000001c2bc6de628 relative=0x0000000000000648
Event: 0.486 Thread 0x000001c2b1f7c7d0 Uncommon trap: reason=unstable_if action=reinterpret pc=0x000001c2bc6de628 method=java.util.HashMap.putVal(ILjava/lang/Object;Ljava/lang/Object;ZZ)Ljava/lang/Object; @ 181 c2
Event: 0.486 Thread 0x000001c2b1f7c7d0 DEOPT PACKING pc=0x000001c2bc6de628 sp=0x0000003ceeffdc00
Event: 0.486 Thread 0x000001c2b1f7c7d0 DEOPT UNPACKING pc=0x000001c2bc189ea3 sp=0x0000003ceeffdb70 mode 2

Classes unloaded (0 events):
No events

Classes redefined (0 events):
No events

Internal exceptions (2 events):
Event: 0.206 Thread 0x000001c2b1f7c7d0 Exception <a 'java/lang/NoSuchMethodError'{0x00000000eacb2690}: 'void java.lang.invoke.DirectMethodHandle$Holder.invokeStatic(java.lang.Object, java.lang.Object, java.lang.Object)'> (0x00000000eacb2690) 
thrown [s\src\hotspot\share\interpreter\linkResolver.cpp, line 759]
Event: 0.362 Thread 0x000001c2b1f7c7d0 Exception <a 'java/lang/reflect/InvocationTargetException'{0x00000000eaf792a0}> (0x00000000eaf792a0) 
thrown [s\src\hotspot\share\runtime\reflection.cpp, line 1121]

VM Operations (4 events):
Event: 0.213 Executing VM operation: HandshakeAllThreads
Event: 0.213 Executing VM operation: HandshakeAllThreads done
Event: 0.290 Executing VM operation: HandshakeAllThreads
Event: 0.290 Executing VM operation: HandshakeAllThreads done

Events (20 events):
Event: 0.513 loading class sun/security/rsa/SunRsaSignEntries done
Event: 0.514 loading class sun/security/rsa/RSAKeyFactory$Legacy
Event: 0.514 loading class sun/security/rsa/RSAKeyFactory
Event: 0.514 loading class java/security/KeyFactorySpi
Event: 0.514 loading class java/security/KeyFactorySpi done
Event: 0.514 loading class sun/security/rsa/RSAKeyFactory done
Event: 0.514 loading class sun/security/rsa/RSAKeyFactory$Legacy done
Event: 0.514 loading class java/security/spec/RSAPublicKeySpec
Event: 0.514 loading class java/security/spec/RSAPublicKeySpec done
Event: 0.514 loading class java/security/spec/RSAPrivateKeySpec
Event: 0.514 loading class java/security/spec/RSAPrivateKeySpec done
Event: 0.514 loading class java/security/spec/RSAPrivateCrtKeySpec
Event: 0.514 loading class java/security/spec/RSAPrivateCrtKeySpec done
Event: 0.514 loading class java/security/spec/PKCS8EncodedKeySpec
Event: 0.515 loading class java/security/spec/PKCS8EncodedKeySpec done
Event: 0.515 loading class sun/security/rsa/RSAUtil$KeyType
Event: 0.515 loading class sun/security/rsa/RSAUtil$KeyType done
Event: 0.515 loading class java/security/spec/PSSParameterSpec
Event: 0.515 loading class java/security/spec/AlgorithmParameterSpec
Event: 0.515 loading class java/security/spec/AlgorithmParameterSpec done


Dynamic libraries:
0x00007ff626b60000 - 0x00007ff626b6e000 	c:\Users\MAHESH\.vscode\extensions\redhat.java-1.17.0-win32-x64\jre\17.0.6-win32-x86_64\bin\java.exe
0x00007ffc8f030000 - 0x00007ffc8f244000 	C:\WINDOWS\SYSTEM32\ntdll.dll
0x00007ffc8df80000 - 0x00007ffc8e042000 	C:\WINDOWS\System32\KERNEL32.DLL
0x00007ffc8c470000 - 0x00007ffc8c80c000 	C:\WINDOWS\System32\KERNELBASE.dll
0x00007ffc8cbd0000 - 0x00007ffc8cce1000 	C:\WINDOWS\System32\ucrtbase.dll
0x00007ffc73100000 - 0x00007ffc73117000 	c:\Users\MAHESH\.vscode\extensions\redhat.java-1.17.0-win32-x64\jre\17.0.6-win32-x86_64\bin\jli.dll
0x00007ffc8dbd0000 - 0x00007ffc8dd7b000 	C:\WINDOWS\System32\USER32.dll
0x00007ffc8ccf0000 - 0x00007ffc8cd16000 	C:\WINDOWS\System32\win32u.dll
0x00007ffc8d9e0000 - 0x00007ffc8da09000 	C:\WINDOWS\System32\GDI32.dll
0x00007ffc8c880000 - 0x00007ffc8c993000 	C:\WINDOWS\System32\gdi32full.dll
0x00007ffc8cd20000 - 0x00007ffc8cdba000 	C:\WINDOWS\System32\msvcp_win.dll
0x00007ffc71040000 - 0x00007ffc71059000 	c:\Users\MAHESH\.vscode\extensions\redhat.java-1.17.0-win32-x64\jre\17.0.6-win32-x86_64\bin\VCRUNTIME140.dll
0x00007ffc704a0000 - 0x00007ffc7072e000 	C:\WINDOWS\WinSxS\amd64_microsoft.windows.common-controls_6595b64144ccf1df_6.0.22621.608_none_a9444ca7c10bb01d\COMCTL32.dll
0x00007ffc8ee60000 - 0x00007ffc8ef07000 	C:\WINDOWS\System32\msvcrt.dll
0x00007ffc8cf60000 - 0x00007ffc8cf91000 	C:\WINDOWS\System32\IMM32.DLL
0x00007ffc730b0000 - 0x00007ffc730bc000 	c:\Users\MAHESH\.vscode\extensions\redhat.java-1.17.0-win32-x64\jre\17.0.6-win32-x86_64\bin\vcruntime140_1.dll
0x00007ffc6ac60000 - 0x00007ffc6acf1000 	c:\Users\MAHESH\.vscode\extensions\redhat.java-1.17.0-win32-x64\jre\17.0.6-win32-x86_64\bin\msvcp140.dll
0x00007ffc3e9d0000 - 0x00007ffc3f617000 	c:\Users\MAHESH\.vscode\extensions\redhat.java-1.17.0-win32-x64\jre\17.0.6-win32-x86_64\bin\server\jvm.dll
0x00007ffc8e330000 - 0x00007ffc8e3de000 	C:\WINDOWS\System32\ADVAPI32.dll
0x00007ffc8ce90000 - 0x00007ffc8cf34000 	C:\WINDOWS\System32\sechost.dll
0x00007ffc8dd80000 - 0x00007ffc8de97000 	C:\WINDOWS\System32\RPCRT4.dll
0x00007ffc68af0000 - 0x00007ffc68af9000 	C:\WINDOWS\SYSTEM32\WSOCK32.dll
0x00007ffc8dea0000 - 0x00007ffc8df11000 	C:\WINDOWS\System32\WS2_32.dll
0x00007ffc84e20000 - 0x00007ffc84e54000 	C:\WINDOWS\SYSTEM32\WINMM.dll
0x00007ffc7ac80000 - 0x00007ffc7ac8a000 	C:\WINDOWS\SYSTEM32\VERSION.dll
0x00007ffc8b4a0000 - 0x00007ffc8b4b8000 	C:\WINDOWS\SYSTEM32\kernel.appcore.dll
0x00007ffc71030000 - 0x00007ffc7103a000 	c:\Users\MAHESH\.vscode\extensions\redhat.java-1.17.0-win32-x64\jre\17.0.6-win32-x86_64\bin\jimage.dll
0x00007ffc89dc0000 - 0x00007ffc89fee000 	C:\WINDOWS\SYSTEM32\DBGHELP.DLL
0x00007ffc8cfa0000 - 0x00007ffc8d329000 	C:\WINDOWS\System32\combase.dll
0x00007ffc8ef10000 - 0x00007ffc8efe7000 	C:\WINDOWS\System32\OLEAUT32.dll
0x00007ffc69790000 - 0x00007ffc697c2000 	C:\WINDOWS\SYSTEM32\dbgcore.DLL
0x00007ffc8cdc0000 - 0x00007ffc8ce3b000 	C:\WINDOWS\System32\bcryptPrimitives.dll
0x00007ffc70b80000 - 0x00007ffc70b8e000 	c:\Users\MAHESH\.vscode\extensions\redhat.java-1.17.0-win32-x64\jre\17.0.6-win32-x86_64\bin\instrument.dll
0x00007ffc707f0000 - 0x00007ffc70815000 	c:\Users\MAHESH\.vscode\extensions\redhat.java-1.17.0-win32-x64\jre\17.0.6-win32-x86_64\bin\java.dll
0x00007ffc709f0000 - 0x00007ffc70a08000 	c:\Users\MAHESH\.vscode\extensions\redhat.java-1.17.0-win32-x64\jre\17.0.6-win32-x86_64\bin\zip.dll
0x00007ffc8e5e0000 - 0x00007ffc8edd0000 	C:\WINDOWS\System32\SHELL32.dll
0x00007ffc8a3f0000 - 0x00007ffc8acbd000 	C:\WINDOWS\SYSTEM32\windows.storage.dll
0x00007ffc8a2b0000 - 0x00007ffc8a3ee000 	C:\WINDOWS\SYSTEM32\wintypes.dll
0x00007ffc8e220000 - 0x00007ffc8e311000 	C:\WINDOWS\System32\SHCORE.dll
0x00007ffc8d3e0000 - 0x00007ffc8d43e000 	C:\WINDOWS\System32\shlwapi.dll
0x00007ffc8c3a0000 - 0x00007ffc8c3c1000 	C:\WINDOWS\SYSTEM32\profapi.dll
0x00007ffc6fbb0000 - 0x00007ffc6fbc9000 	C:\Users\MAHESH\.vscode\extensions\redhat.java-1.17.0-win32-x64\jre\17.0.6-win32-x86_64\bin\net.dll
0x00007ffc86210000 - 0x00007ffc86347000 	C:\WINDOWS\SYSTEM32\WINHTTP.dll
0x00007ffc8b930000 - 0x00007ffc8b999000 	C:\WINDOWS\system32\mswsock.dll
0x00007ffc6fb20000 - 0x00007ffc6fb35000 	C:\Users\MAHESH\.vscode\extensions\redhat.java-1.17.0-win32-x64\jre\17.0.6-win32-x86_64\bin\nio.dll
0x00007ffc707e0000 - 0x00007ffc707f0000 	c:\Users\MAHESH\.vscode\extensions\redhat.java-1.17.0-win32-x64\jre\17.0.6-win32-x86_64\bin\verify.dll

dbghelp: loaded successfully - version: 4.0.5 - missing functions: none
symbol engine: initialized successfully - sym options: 0x614 - pdb path: .;c:\Users\MAHESH\.vscode\extensions\redhat.java-1.17.0-win32-x64\jre\17.0.6-win32-x86_64\bin;C:\WINDOWS\SYSTEM32;C:\WINDOWS\WinSxS\amd64_microsoft.windows.common-controls_6595b64144ccf1df_6.0.22621.608_none_a9444ca7c10bb01d;c:\Users\MAHESH\.vscode\extensions\redhat.java-1.17.0-win32-x64\jre\17.0.6-win32-x86_64\bin\server

VM Arguments:
jvm_args: --add-modules=ALL-SYSTEM --add-opens=java.base/java.util=ALL-UNNAMED --add-opens=java.base/java.lang=ALL-UNNAMED --add-opens=java.base/sun.nio.fs=ALL-UNNAMED -Declipse.application=org.eclipse.jdt.ls.core.id1 -Dosgi.bundles.defaultStartLevel=4 -Declipse.product=org.eclipse.jdt.ls.core.product -Djava.import.generatesMetadataFilesAtProjectRoot=false -Dfile.encoding=utf8 -XX:+UseParallelGC -XX:GCTimeRatio=4 -XX:AdaptiveSizePolicyWeight=90 -Dsun.zip.disableMemoryMapping=true -Xmx1G -Xms100m -Xlog:disable -javaagent:c:\Users\MAHESH\.vscode\extensions\redhat.java-1.17.0-win32-x64\lombok\lombok-1.18.24.jar 
java_command: c:\Users\MAHESH\.vscode\extensions\redhat.java-1.17.0-win32-x64\server\plugins\org.eclipse.equinox.launcher_1.6.400.v20210924-0641.jar -configuration c:\Users\MAHESH\AppData\Roaming\Code\User\globalStorage\redhat.java\1.17.0\config_ss_win -data c:\Users\MAHESH\AppData\Roaming\Code\User\workspaceStorage\fe89bc257ef8e11c8f47eeced8d5dae4\redhat.java\ss_ws
java_class_path (initial): c:\Users\MAHESH\.vscode\extensions\redhat.java-1.17.0-win32-x64\server\plugins\org.eclipse.equinox.launcher_1.6.400.v20210924-0641.jar
Launcher Type: SUN_STANDARD

[Global flags]
    uintx AdaptiveSizePolicyWeight                 = 90                                        {product} {command line}
     intx CICompilerCount                          = 4                                         {product} {ergonomic}
    uintx GCTimeRatio                              = 4                                         {product} {command line}
   size_t InitialHeapSize                          = 104857600                                 {product} {command line}
   size_t MaxHeapSize                              = 1073741824                                {product} {command line}
   size_t MaxNewSize                               = 357564416                                 {product} {ergonomic}
   size_t MinHeapDeltaBytes                        = 524288                                    {product} {ergonomic}
   size_t MinHeapSize                              = 104857600                                 {product} {command line}
   size_t NewSize                                  = 34603008                                  {product} {ergonomic}
    uintx NonNMethodCodeHeapSize                   = 5839372                                {pd product} {ergonomic}
    uintx NonProfiledCodeHeapSize                  = 122909434                              {pd product} {ergonomic}
   size_t OldSize                                  = 70254592                                  {product} {ergonomic}
    uintx ProfiledCodeHeapSize                     = 122909434                              {pd product} {ergonomic}
    uintx ReservedCodeCacheSize                    = 251658240                              {pd product} {ergonomic}
     bool SegmentedCodeCache                       = true                                      {product} {ergonomic}
   size_t SoftMaxHeapSize                          = 1073741824                             {manageable} {ergonomic}
     bool UseCompressedClassPointers               = true                           {product lp64_product} {ergonomic}
     bool UseCompressedOops                        = true                           {product lp64_product} {ergonomic}
     bool UseLargePagesIndividualAllocation        = false                                  {pd product} {ergonomic}
     bool UseParallelGC                            = true                                      {product} {command line}

Logging:
Log output configuration:
 #0: stdout all=off uptime,level,tags
 #1: stderr all=off uptime,level,tags

Environment Variables:
PATH=C:\Program Files\Common Files\Oracle\Java\javapath;C:\WINDOWS\system32;C:\WINDOWS;C:\WINDOWS\System32\Wbem;C:\WINDOWS\System32\WindowsPowerShell\v1.0\;C:\WINDOWS\System32\OpenSSH\;C:\Program Files\Microsoft SQL Server\140\Tools\Binn\;C:\flutter\flutter\bin;C:\Program Files\MySQL\MySQL Server 8.0\bin;C:\PHP;c:\xampp\mysql\bin\mysqld.exe --defaults-file=c:\xampp\mysql\bin\my.ini mysql;C:\Program Files\Git\cmd;;C:\Users\MAHESH\anaconda3;C:\Users\MAHESH\anaconda3\Library\bin;C:\Program Files\Python36;C:\Program Files\MySQL\MySQL Server 8.0\bin;c:\xampp\mysql\bin\mysqld.exe --defaults-file=c:\xampp\mysql\bin\my.ini;C:\Program Files\nodejs\;C:\Program Files\Docker\Docker\resources\bin;C:\Program Files\eSpeak NG\;C:\Users\MAHESH\ANACONDA;C:\Users\MAHESH\ANACONDA\Library\mingw-w64\bin;C:\Users\MAHESH\ANACONDA\Library\usr\bin;C:\Users\MAHESH\ANACONDA\Library\bin;C:\Users\MAHESH\ANACONDA\Scripts;C:\Program Files\MySQL\MySQL Shell 8.0\bin\;C:\Users\MAHESH\AppData\Local\Programs\Python\Python310\Scripts\;C:\Users\MAHESH\AppData\Local\Programs\Python\Python310\;C:\Users\MAHESH\AppData\Local\Microsoft\WindowsApps;C:\Users\MAHESH\AppData\Local\Programs\Microsoft VS Code\bin;C:\Program Files\MySQL\MySQL Server 8.0\bin\mysqld;C:\Program Files\MongoDB\Server\5.0\bin;C:\PHP;;C:\Program Files\Python36;C:\Users\MAHESH\AppData\Local\Microsoft\WindowsApps;D:\PyCharm 2022.3.2\bin;;C:\Users\MAHESH\AppData\Roaming\npm
USERNAME=MAHESH
OS=Windows_NT
PROCESSOR_IDENTIFIER=Intel64 Family 6 Model 140 Stepping 1, GenuineIntel
TMP=C:\Users\MAHESH\AppData\Local\Temp
TEMP=C:\Users\MAHESH\AppData\Local\Temp



---------------  S Y S T E M  ---------------

OS:
 Windows 11 , 64 bit Build 22621 (10.0.22621.1485)
OS uptime: 0 days 0:33 hours
Hyper-V role detected

CPU: total 8 (initial active 8) (4 cores per cpu, 2 threads per core) family 6 model 140 stepping 1 microcode 0xa4, cx8, cmov, fxsr, ht, mmx, 3dnowpref, sse, sse2, sse3, ssse3, sse4.1, sse4.2, popcnt, lzcnt, tsc, tscinvbit, avx, avx2, aes, erms, clmul, bmi1, bmi2, adx, avx512f, avx512dq, avx512cd, avx512bw, avx512vl, sha, fma, vzeroupper, avx512_vpopcntdq, avx512_vpclmulqdq, avx512_vaes, avx512_vnni, clflush, clflushopt, clwb, avx512_vbmi2, avx512_vbmi, hv

Memory: 4k page, system-wide physical 7957M (1177M free)
TotalPageFile size 7957M (AvailPageFile size 4M)
current process WorkingSet (physical memory assigned to process): 44M, peak: 44M
current process commit charge ("private bytes"): 188M, peak: 188M

vm_info: OpenJDK 64-Bit Server VM (17.0.6+10) for windows-amd64 JRE (17.0.6+10), built on Jan 18 2023 10:08:59 by "temurin" with MS VC++ 16.7 (VS2019)

END.
