#
# There is insufficient memory for the Java Runtime Environment to continue.
# Native memory allocation (malloc) failed to allocate 32784 bytes for Chunk::new
# Possible reasons:
#   The system is out of physical RAM or swap space
#   The process is running with CompressedOops enabled, and the Java Heap may be blocking the growth of the native heap
# Possible solutions:
#   Reduce memory load on the system
#   Increase physical memory or swap space
#   Check if swap backing store is full
#   Decrease Java heap size (-Xmx/-Xms)
#   Decrease number of Java threads
#   Decrease Java thread stack sizes (-Xss)
#   Set larger code cache with -XX:ReservedCodeCacheSize=
#   JVM is running with Unscaled Compressed Oops mode in which the Java heap is
#     placed in the first 4GB address space. The Java Heap base address is the
#     maximum limit for the native heap growth. Please use -XX:HeapBaseMinAddress
#     to set the Java Heap base and to place the Java Heap above 4GB virtual address.
# This output file may be truncated or incomplete.
#
#  Out of Memory Error (arena.cpp:189), pid=13712, tid=14312
#
# JRE version: OpenJDK Runtime Environment Temurin-17.0.6+10 (17.0.6+10) (build 17.0.6+10)
# Java VM: OpenJDK 64-Bit Server VM Temurin-17.0.6+10 (17.0.6+10, mixed mode, tiered, compressed oops, compressed class ptrs, parallel gc, windows-amd64)
# No core dump will be written. Minidumps are not enabled by default on client versions of Windows
#

---------------  S U M M A R Y ------------

Command Line: --add-modules=ALL-SYSTEM --add-opens=java.base/java.util=ALL-UNNAMED --add-opens=java.base/java.lang=ALL-UNNAMED --add-opens=java.base/sun.nio.fs=ALL-UNNAMED -Declipse.application=org.eclipse.jdt.ls.core.id1 -Dosgi.bundles.defaultStartLevel=4 -Declipse.product=org.eclipse.jdt.ls.core.product -Djava.import.generatesMetadataFilesAtProjectRoot=false -Dfile.encoding=utf8 -XX:+UseParallelGC -XX:GCTimeRatio=4 -XX:AdaptiveSizePolicyWeight=90 -Dsun.zip.disableMemoryMapping=true -Xmx1G -Xms100m -Xlog:disable -javaagent:c:\Users\MAHESH\.vscode\extensions\redhat.java-1.17.0-win32-x64\lombok\lombok-1.18.24.jar -XX:+HeapDumpOnOutOfMemoryError -XX:HeapDumpPath=c:\Users\MAHESH\AppData\Roaming\Code\User\workspaceStorage\fe89bc257ef8e11c8f47eeced8d5dae4\redhat.java -Daether.dependencyCollector.impl=bf c:\Users\MAHESH\.vscode\extensions\redhat.java-1.17.0-win32-x64\server\plugins\org.eclipse.equinox.launcher_1.6.400.v20210924-0641.jar -configuration c:\Users\MAHESH\AppData\Roaming\Code\User\globalStorage\redhat.java\1.17.0\config_win -data c:\Users\MAHESH\AppData\Roaming\Code\User\workspaceStorage\fe89bc257ef8e11c8f47eeced8d5dae4\redhat.java\jdt_ws

Host: 11th Gen Intel(R) Core(TM) i5-1135G7 @ 2.40GHz, 8 cores, 7G,  Windows 11 , 64 bit Build 22621 (10.0.22621.1485)
Time: Sat May  6 09:11:59 2023 India Standard Time elapsed time: 11.064084 seconds (0d 0h 0m 11s)

---------------  T H R E A D  ---------------

Current thread (0x0000025e7ac582b0):  JavaThread "C2 CompilerThread0" daemon [_thread_in_native, id=14312, stack(0x000000b4f8600000,0x000000b4f8700000)]


Current CompileTask:
C2:  11064 2485       4       java.util.Properties::loadConvert (540 bytes)

Stack: [0x000000b4f8600000,0x000000b4f8700000]
Native frames: (J=compiled Java code, j=interpreted, Vv=VM code, C=native code)
V  [jvm.dll+0x67741a]
V  [jvm.dll+0x834434]
V  [jvm.dll+0x835bde]
V  [jvm.dll+0x836243]
V  [jvm.dll+0x2457b5]
V  [jvm.dll+0xabafc]
V  [jvm.dll+0xac0cc]
V  [jvm.dll+0xabc0b]
V  [jvm.dll+0x6cd5dc]
V  [jvm.dll+0x587667]
V  [jvm.dll+0x56e37a]
V  [jvm.dll+0x56b24c]
V  [jvm.dll+0x56d395]
V  [jvm.dll+0x56d037]
V  [jvm.dll+0x56c63e]
V  [jvm.dll+0x57e688]
V  [jvm.dll+0x220812]
V  [jvm.dll+0x21a0f2]
V  [jvm.dll+0x21790b]
V  [jvm.dll+0x1a3d0d]
V  [jvm.dll+0x22742a]
V  [jvm.dll+0x225565]
V  [jvm.dll+0x7ea2cb]
V  [jvm.dll+0x7e483a]
V  [jvm.dll+0x6762c5]
C  [ucrtbase.dll+0x29363]
C  [KERNEL32.DLL+0x1269d]
C  [ntdll.dll+0x5a9f8]


---------------  P R O C E S S  ---------------

Threads class SMR info:
_java_thread_list=0x0000025e7d6a5e60, length=26, elements={
0x0000025e723a2970, 0x0000025e7245c4b0, 0x0000025e7245da80, 0x0000025e7916d640,
0x0000025e7916e000, 0x0000025e7916eab0, 0x0000025e7ac55f10, 0x0000025e7ac582b0,
0x0000025e7ac6b720, 0x0000025e7ac6c7c0, 0x0000025e72405530, 0x0000025e7aeafa30,
0x0000025e7ccfe7d0, 0x0000025e7cd39010, 0x0000025e7cd394e0, 0x0000025e7cd07730,
0x0000025e7cd07c00, 0x0000025e7cd080d0, 0x0000025e7cd12b90, 0x0000025e7ce254e0,
0x0000025e7ce22e60, 0x0000025e7ce25010, 0x0000025e7ce224c0, 0x0000025e7ce23330,
0x0000025e7ce22990, 0x0000025e7ce23cd0
}

Java Threads: ( => current thread )
  0x0000025e723a2970 JavaThread "main" [_thread_blocked, id=17176, stack(0x000000b4f7d00000,0x000000b4f7e00000)]
  0x0000025e7245c4b0 JavaThread "Reference Handler" daemon [_thread_blocked, id=2712, stack(0x000000b4f8000000,0x000000b4f8100000)]
  0x0000025e7245da80 JavaThread "Finalizer" daemon [_thread_blocked, id=16224, stack(0x000000b4f8100000,0x000000b4f8200000)]
  0x0000025e7916d640 JavaThread "Signal Dispatcher" daemon [_thread_blocked, id=10800, stack(0x000000b4f8200000,0x000000b4f8300000)]
  0x0000025e7916e000 JavaThread "Attach Listener" daemon [_thread_blocked, id=10352, stack(0x000000b4f8300000,0x000000b4f8400000)]
  0x0000025e7916eab0 JavaThread "Service Thread" daemon [_thread_blocked, id=7388, stack(0x000000b4f8400000,0x000000b4f8500000)]
  0x0000025e7ac55f10 JavaThread "Monitor Deflation Thread" daemon [_thread_blocked, id=17900, stack(0x000000b4f8500000,0x000000b4f8600000)]
=>0x0000025e7ac582b0 JavaThread "C2 CompilerThread0" daemon [_thread_in_native, id=14312, stack(0x000000b4f8600000,0x000000b4f8700000)]
  0x0000025e7ac6b720 JavaThread "C1 CompilerThread0" daemon [_thread_in_native, id=2716, stack(0x000000b4f8700000,0x000000b4f8800000)]
  0x0000025e7ac6c7c0 JavaThread "Sweeper thread" daemon [_thread_blocked, id=19048, stack(0x000000b4f8800000,0x000000b4f8900000)]
  0x0000025e72405530 JavaThread "Common-Cleaner" daemon [_thread_blocked, id=4652, stack(0x000000b4f8900000,0x000000b4f8a00000)]
  0x0000025e7aeafa30 JavaThread "Notification Thread" daemon [_thread_blocked, id=14944, stack(0x000000b4f8a00000,0x000000b4f8b00000)]
  0x0000025e7ccfe7d0 JavaThread "Equinox resolver thread - Equinox Container: dc15ba8a-4a8a-44c1-b86d-e30e95bfcefb" daemon [_thread_blocked, id=12064, stack(0x000000b4f9300000,0x000000b4f9400000)]
  0x0000025e7cd39010 JavaThread "Equinox resolver thread - Equinox Container: dc15ba8a-4a8a-44c1-b86d-e30e95bfcefb" daemon [_thread_blocked, id=18152, stack(0x000000b4f9400000,0x000000b4f9500000)]
  0x0000025e7cd394e0 JavaThread "Equinox resolver thread - Equinox Container: dc15ba8a-4a8a-44c1-b86d-e30e95bfcefb" daemon [_thread_blocked, id=16704, stack(0x000000b4f9500000,0x000000b4f9600000)]
  0x0000025e7cd07730 JavaThread "Equinox resolver thread - Equinox Container: dc15ba8a-4a8a-44c1-b86d-e30e95bfcefb" daemon [_thread_blocked, id=15764, stack(0x000000b4f9600000,0x000000b4f9700000)]
  0x0000025e7cd07c00 JavaThread "Equinox resolver thread - Equinox Container: dc15ba8a-4a8a-44c1-b86d-e30e95bfcefb" daemon [_thread_blocked, id=19008, stack(0x000000b4f9700000,0x000000b4f9800000)]
  0x0000025e7cd080d0 JavaThread "Equinox resolver thread - Equinox Container: dc15ba8a-4a8a-44c1-b86d-e30e95bfcefb" daemon [_thread_blocked, id=19420, stack(0x000000b4f9800000,0x000000b4f9900000)]
  0x0000025e7cd12b90 JavaThread "Active Thread: Equinox Container: dc15ba8a-4a8a-44c1-b86d-e30e95bfcefb" [_thread_blocked, id=17984, stack(0x000000b4f9900000,0x000000b4f9a00000)]
  0x0000025e7ce254e0 JavaThread "Framework Event Dispatcher: Equinox Container: dc15ba8a-4a8a-44c1-b86d-e30e95bfcefb" daemon [_thread_blocked, id=4968, stack(0x000000b4f9200000,0x000000b4f9300000)]
  0x0000025e7ce22e60 JavaThread "Start Level: Equinox Container: dc15ba8a-4a8a-44c1-b86d-e30e95bfcefb" daemon [_thread_in_vm, id=13128, stack(0x000000b4f9a00000,0x000000b4f9b00000)]
  0x0000025e7ce25010 JavaThread "Refresh Thread: Equinox Container: dc15ba8a-4a8a-44c1-b86d-e30e95bfcefb" daemon [_thread_blocked, id=9560, stack(0x000000b4f9b00000,0x000000b4f9c00000)]
  0x0000025e7ce224c0 JavaThread "Equinox resolver thread - Equinox Container: dc15ba8a-4a8a-44c1-b86d-e30e95bfcefb" daemon [_thread_blocked, id=18336, stack(0x000000b4f9e00000,0x000000b4f9f00000)]
  0x0000025e7ce23330 JavaThread "Equinox resolver thread - Equinox Container: dc15ba8a-4a8a-44c1-b86d-e30e95bfcefb" daemon [_thread_blocked, id=5024, stack(0x000000b4f9f00000,0x000000b4fa000000)]
  0x0000025e7ce22990 JavaThread "SCR Component Actor" daemon [_thread_blocked, id=13972, stack(0x000000b4fa100000,0x000000b4fa200000)]
  0x0000025e7ce23cd0 JavaThread "SCR Component Registry" daemon [_thread_blocked, id=4552, stack(0x000000b4fa200000,0x000000b4fa300000)]

Other Threads:
  0x0000025e72429410 VMThread "VM Thread" [stack: 0x000000b4f7f00000,0x000000b4f8000000] [id=17664] _threads_hazard_ptr=0x0000025e7d6a5e60
  0x0000025e7aeaff00 WatcherThread [stack: 0x000000b4f8b00000,0x000000b4f8c00000] [id=11404]
  0x0000025e723b8060 GCTaskThread "GC Thread#0" [stack: 0x000000b4f7e00000,0x000000b4f7f00000] [id=16836]
  0x0000025e7af92c30 GCTaskThread "GC Thread#1" [stack: 0x000000b4f8c00000,0x000000b4f8d00000] [id=12332]
  0x0000025e7af92ee0 GCTaskThread "GC Thread#2" [stack: 0x000000b4f8d00000,0x000000b4f8e00000] [id=15584]
  0x0000025e7bc8d470 GCTaskThread "GC Thread#3" [stack: 0x000000b4f8e00000,0x000000b4f8f00000] [id=9936]
  0x0000025e7cc43020 GCTaskThread "GC Thread#4" [stack: 0x000000b4f8f00000,0x000000b4f9000000] [id=8384]
  0x0000025e7cc432d0 GCTaskThread "GC Thread#5" [stack: 0x000000b4f9000000,0x000000b4f9100000] [id=14260]
  0x0000025e7c2bfcb0 GCTaskThread "GC Thread#6" [stack: 0x000000b4f9100000,0x000000b4f9200000] [id=18756]
  0x0000025e7bdc6470 GCTaskThread "GC Thread#7" [stack: 0x000000b4f9c00000,0x000000b4f9d00000] [id=4416]

Threads with active compile tasks:
C2 CompilerThread0    11282 2485       4       java.util.Properties::loadConvert (540 bytes)
C1 CompilerThread0    11282 2487       3       com.sun.org.apache.xerces.internal.impl.XMLDocumentScannerImpl::getPropertyDefault (40 bytes)

VM state: synchronizing (normal execution)

VM Mutex/Monitor currently owned by a thread:  ([mutex/lock_event])
[0x0000025e7239fff0] Threads_lock - owner thread: 0x0000025e72429410

Heap address: 0x00000000c0000000, size: 1024 MB, Compressed Oops mode: 32-bit

CDS archive(s) not mapped
Compressed class space mapped at: 0x0000000100000000-0x0000000140000000, reserved size: 1073741824
Narrow klass base: 0x0000000000000000, Narrow klass shift: 3, Narrow klass range: 0x140000000

GC Precious Log:
 CPUs: 8 total, 8 available
 Memory: 7957M
 Large Page Support: Disabled
 NUMA Support: Disabled
 Compressed Oops: Enabled (32-bit)
 Alignments: Space 512K, Generation 512K, Heap 2M
 Heap Min Capacity: 100M
 Heap Initial Capacity: 100M
 Heap Max Capacity: 1G
 Pre-touch: Disabled
 Parallel Workers: 8

Heap:
 PSYoungGen      total 29696K, used 22281K [0x00000000eab00000, 0x00000000ecc00000, 0x0000000100000000)
  eden space 25600K, 71% used [0x00000000eab00000,0x00000000ebcc7730,0x00000000ec400000)
  from space 4096K, 99% used [0x00000000ec400000,0x00000000ec7fb058,0x00000000ec800000)
  to   space 4096K, 0% used [0x00000000ec800000,0x00000000ec800000,0x00000000ecc00000)
 ParOldGen       total 68608K, used 3866K [0x00000000c0000000, 0x00000000c4300000, 0x00000000eab00000)
  object space 68608K, 5% used [0x00000000c0000000,0x00000000c03c6b60,0x00000000c4300000)
 Metaspace       used 17745K, committed 17984K, reserved 1064960K
  class space    used 1778K, committed 1856K, reserved 1048576K

Card table byte_map: [0x0000025e769e0000,0x0000025e76bf0000] _byte_map_base: 0x0000025e763e0000

Marking Bits: (ParMarkBitMap*) 0x00007ffc3f553e70
 Begin Bits: [0x0000025e76d50000, 0x0000025e77d50000)
 End Bits:   [0x0000025e77d50000, 0x0000025e78d50000)

Polling page: 0x0000025e72460000

Metaspace:

Usage:
  Non-class:     15.59 MB used.
      Class:      1.74 MB used.
       Both:     17.33 MB used.

Virtual space:
  Non-class space:       16.00 MB reserved,      15.75 MB ( 98%) committed,  2 nodes.
      Class space:        1.00 GB reserved,       1.81 MB ( <1%) committed,  1 nodes.
             Both:        1.02 GB reserved,      17.56 MB (  2%) committed. 

Chunk freelists:
   Non-Class:  31.00 KB
       Class:  2.20 MB
        Both:  2.23 MB

MaxMetaspaceSize: unlimited
CompressedClassSpaceSize: 1.00 GB
Initial GC threshold: 21.00 MB
Current GC threshold: 21.00 MB
CDS: off
MetaspaceReclaimPolicy: balanced
 - commit_granule_bytes: 65536.
 - commit_granule_words: 8192.
 - virtual_space_node_default_size: 1048576.
 - enlarge_chunks_in_place: 1.
 - new_chunks_are_fully_committed: 0.
 - uncommit_free_chunks: 1.
 - use_allocation_guard: 0.
 - handle_deallocations: 1.


Internal statistics:

num_allocs_failed_limit: 0.
num_arena_births: 100.
num_arena_deaths: 0.
num_vsnodes_births: 3.
num_vsnodes_deaths: 0.
num_space_committed: 281.
num_space_uncommitted: 0.
num_chunks_returned_to_freelist: 0.
num_chunks_taken_from_freelist: 391.
num_chunk_merges: 0.
num_chunk_splits: 262.
num_chunks_enlarged: 214.
num_purges: 0.
num_inconsistent_stats: 0.

CodeHeap 'non-profiled nmethods': size=120000Kb used=1018Kb max_used=1018Kb free=118981Kb
 bounds [0x0000025e07ad0000, 0x0000025e07d40000, 0x0000025e0f000000]
CodeHeap 'profiled nmethods': size=120000Kb used=5165Kb max_used=5165Kb free=114834Kb
 bounds [0x0000025e00000000, 0x0000025e00510000, 0x0000025e07530000]
CodeHeap 'non-nmethods': size=5760Kb used=1183Kb max_used=1263Kb free=4576Kb
 bounds [0x0000025e07530000, 0x0000025e077a0000, 0x0000025e07ad0000]
 total_blobs=2952 nmethods=2485 adapters=381
 compilation: enabled
              stopped_count=0, restarted_count=0
 full_count=0

Compilation events (20 events):
Event: 10.713 Thread 0x0000025e7ac6b720 2476       1       java.nio.DirectByteBuffer::base (2 bytes)
Event: 10.713 Thread 0x0000025e7ac6b720 nmethod 2476 0x0000025e07bce790 code [0x0000025e07bce920, 0x0000025e07bce9f8]
Event: 10.723 Thread 0x0000025e7ac6b720 2478       3       sun.nio.ch.FileChannelImpl::ensureOpen (16 bytes)
Event: 10.723 Thread 0x0000025e7ac6b720 nmethod 2478 0x0000025e00507410 code [0x0000025e005075c0, 0x0000025e00507848]
Event: 10.724 Thread 0x0000025e7ac6b720 2479   !   3       sun.nio.ch.NativeThreadSet::add (155 bytes)
Event: 10.724 Thread 0x0000025e7ac6b720 nmethod 2479 0x0000025e00507990 code [0x0000025e00507b60, 0x0000025e00508128]
Event: 10.724 Thread 0x0000025e7ac6b720 2480   !   3       sun.nio.ch.NativeThreadSet::remove (50 bytes)
Event: 10.725 Thread 0x0000025e7ac6b720 nmethod 2480 0x0000025e00508410 code [0x0000025e005085c0, 0x0000025e005088a8]
Event: 10.725 Thread 0x0000025e7ac6b720 2481       3       java.nio.MappedByteBuffer::limit (8 bytes)
Event: 10.725 Thread 0x0000025e7ac6b720 nmethod 2481 0x0000025e00508a10 code [0x0000025e00508bc0, 0x0000025e00508d68]
Event: 10.725 Thread 0x0000025e7ac6b720 2482       3       java.nio.MappedByteBuffer::limit (6 bytes)
Event: 10.725 Thread 0x0000025e7ac6b720 nmethod 2482 0x0000025e00508e10 code [0x0000025e00508fc0, 0x0000025e005091c8]
Event: 10.905 Thread 0x0000025e7ac6b720 2483       3       jdk.internal.reflect.ClassFileAssembler::setStack (25 bytes)
Event: 10.905 Thread 0x0000025e7ac6b720 nmethod 2483 0x0000025e00509310 code [0x0000025e005094a0, 0x0000025e005095f8]
Event: 11.046 Thread 0x0000025e7ac6b720 2484       3       java.util.Arrays::fill (21 bytes)
Event: 11.046 Thread 0x0000025e7ac6b720 nmethod 2484 0x0000025e00509690 code [0x0000025e00509820, 0x0000025e005099d8]
Event: 11.052 Thread 0x0000025e7ac582b0 2485       4       java.util.Properties::loadConvert (540 bytes)
Event: 11.053 Thread 0x0000025e7ac6b720 2486   !   3       com.sun.org.apache.xerces.internal.parsers.XML11Configuration::setProperty (160 bytes)
Event: 11.054 Thread 0x0000025e7ac6b720 nmethod 2486 0x0000025e00509b10 code [0x0000025e00509e00, 0x0000025e0050b078]
Event: 11.058 Thread 0x0000025e7ac6b720 2487       3       com.sun.org.apache.xerces.internal.impl.XMLDocumentScannerImpl::getPropertyDefault (40 bytes)

GC Heap History (6 events):
Event: 1.498 GC heap before
{Heap before GC invocations=1 (full 0):
 PSYoungGen      total 29696K, used 25600K [0x00000000eab00000, 0x00000000ecc00000, 0x0000000100000000)
  eden space 25600K, 100% used [0x00000000eab00000,0x00000000ec400000,0x00000000ec400000)
  from space 4096K, 0% used [0x00000000ec800000,0x00000000ec800000,0x00000000ecc00000)
  to   space 4096K, 0% used [0x00000000ec400000,0x00000000ec400000,0x00000000ec800000)
 ParOldGen       total 68608K, used 0K [0x00000000c0000000, 0x00000000c4300000, 0x00000000eab00000)
  object space 68608K, 0% used [0x00000000c0000000,0x00000000c0000000,0x00000000c4300000)
 Metaspace       used 11182K, committed 11392K, reserved 1064960K
  class space    used 1118K, committed 1216K, reserved 1048576K
}
Event: 1.507 GC heap after
{Heap after GC invocations=1 (full 0):
 PSYoungGen      total 29696K, used 3192K [0x00000000eab00000, 0x00000000ecc00000, 0x0000000100000000)
  eden space 25600K, 0% used [0x00000000eab00000,0x00000000eab00000,0x00000000ec400000)
  from space 4096K, 77% used [0x00000000ec400000,0x00000000ec71e218,0x00000000ec800000)
  to   space 4096K, 0% used [0x00000000ec800000,0x00000000ec800000,0x00000000ecc00000)
 ParOldGen       total 68608K, used 16K [0x00000000c0000000, 0x00000000c4300000, 0x00000000eab00000)
  object space 68608K, 0% used [0x00000000c0000000,0x00000000c0004000,0x00000000c4300000)
 Metaspace       used 11182K, committed 11392K, reserved 1064960K
  class space    used 1118K, committed 1216K, reserved 1048576K
}
Event: 9.290 GC heap before
{Heap before GC invocations=2 (full 0):
 PSYoungGen      total 29696K, used 28792K [0x00000000eab00000, 0x00000000ecc00000, 0x0000000100000000)
  eden space 25600K, 100% used [0x00000000eab00000,0x00000000ec400000,0x00000000ec400000)
  from space 4096K, 77% used [0x00000000ec400000,0x00000000ec71e218,0x00000000ec800000)
  to   space 4096K, 0% used [0x00000000ec800000,0x00000000ec800000,0x00000000ecc00000)
 ParOldGen       total 68608K, used 16K [0x00000000c0000000, 0x00000000c4300000, 0x00000000eab00000)
  object space 68608K, 0% used [0x00000000c0000000,0x00000000c0004000,0x00000000c4300000)
 Metaspace       used 14021K, committed 14208K, reserved 1064960K
  class space    used 1396K, committed 1472K, reserved 1048576K
}
Event: 9.294 GC heap after
{Heap after GC invocations=2 (full 0):
 PSYoungGen      total 29696K, used 4066K [0x00000000eab00000, 0x00000000ecc00000, 0x0000000100000000)
  eden space 25600K, 0% used [0x00000000eab00000,0x00000000eab00000,0x00000000ec400000)
  from space 4096K, 99% used [0x00000000ec800000,0x00000000ecbf8b58,0x00000000ecc00000)
  to   space 4096K, 0% used [0x00000000ec400000,0x00000000ec400000,0x00000000ec800000)
 ParOldGen       total 68608K, used 960K [0x00000000c0000000, 0x00000000c4300000, 0x00000000eab00000)
  object space 68608K, 1% used [0x00000000c0000000,0x00000000c00f0370,0x00000000c4300000)
 Metaspace       used 14021K, committed 14208K, reserved 1064960K
  class space    used 1396K, committed 1472K, reserved 1048576K
}
Event: 9.903 GC heap before
{Heap before GC invocations=3 (full 0):
 PSYoungGen      total 29696K, used 29666K [0x00000000eab00000, 0x00000000ecc00000, 0x0000000100000000)
  eden space 25600K, 99% used [0x00000000eab00000,0x00000000ec3ffd80,0x00000000ec400000)
  from space 4096K, 99% used [0x00000000ec800000,0x00000000ecbf8b58,0x00000000ecc00000)
  to   space 4096K, 0% used [0x00000000ec400000,0x00000000ec400000,0x00000000ec800000)
 ParOldGen       total 68608K, used 960K [0x00000000c0000000, 0x00000000c4300000, 0x00000000eab00000)
  object space 68608K, 1% used [0x00000000c0000000,0x00000000c00f0370,0x00000000c4300000)
 Metaspace       used 14542K, committed 14720K, reserved 1064960K
  class space    used 1432K, committed 1536K, reserved 1048576K
}
Event: 9.909 GC heap after
{Heap after GC invocations=3 (full 0):
 PSYoungGen      total 29696K, used 4076K [0x00000000eab00000, 0x00000000ecc00000, 0x0000000100000000)
  eden space 25600K, 0% used [0x00000000eab00000,0x00000000eab00000,0x00000000ec400000)
  from space 4096K, 99% used [0x00000000ec400000,0x00000000ec7fb058,0x00000000ec800000)
  to   space 4096K, 0% used [0x00000000ec800000,0x00000000ec800000,0x00000000ecc00000)
 ParOldGen       total 68608K, used 3866K [0x00000000c0000000, 0x00000000c4300000, 0x00000000eab00000)
  object space 68608K, 5% used [0x00000000c0000000,0x00000000c03c6b60,0x00000000c4300000)
 Metaspace       used 14542K, committed 14720K, reserved 1064960K
  class space    used 1432K, committed 1536K, reserved 1048576K
}

Dll operation events (9 events):
Event: 0.227 Loaded shared library c:\Users\MAHESH\.vscode\extensions\redhat.java-1.17.0-win32-x64\jre\17.0.6-win32-x86_64\bin\java.dll
Event: 0.564 Loaded shared library c:\Users\MAHESH\.vscode\extensions\redhat.java-1.17.0-win32-x64\jre\17.0.6-win32-x86_64\bin\zip.dll
Event: 0.566 Loaded shared library C:\Users\MAHESH\.vscode\extensions\redhat.java-1.17.0-win32-x64\jre\17.0.6-win32-x86_64\bin\instrument.dll
Event: 0.607 Loaded shared library C:\Users\MAHESH\.vscode\extensions\redhat.java-1.17.0-win32-x64\jre\17.0.6-win32-x86_64\bin\net.dll
Event: 0.646 Loaded shared library C:\Users\MAHESH\.vscode\extensions\redhat.java-1.17.0-win32-x64\jre\17.0.6-win32-x86_64\bin\nio.dll
Event: 0.654 Loaded shared library C:\Users\MAHESH\.vscode\extensions\redhat.java-1.17.0-win32-x64\jre\17.0.6-win32-x86_64\bin\zip.dll
Event: 0.672 Loaded shared library C:\Users\MAHESH\.vscode\extensions\redhat.java-1.17.0-win32-x64\jre\17.0.6-win32-x86_64\bin\jimage.dll
Event: 0.750 Loaded shared library c:\Users\MAHESH\.vscode\extensions\redhat.java-1.17.0-win32-x64\jre\17.0.6-win32-x86_64\bin\verify.dll
Event: 9.782 Loaded shared library C:\Users\MAHESH\AppData\Roaming\Code\User\globalStorage\redhat.java\1.17.0\config_win\org.eclipse.equinox.launcher\org.eclipse.equinox.launcher.win32.win32.x86_64_1.2.700.v20221108-1024\eclipse_11801.dll

Deoptimization events (20 events):
Event: 9.751 Thread 0x0000025e7ce25010 Uncommon trap: trap_request=0xffffff45 fr.pc=0x0000025e07b7e174 relative=0x00000000000000d4
Event: 9.751 Thread 0x0000025e7ce25010 Uncommon trap: reason=unstable_if action=reinterpret pc=0x0000025e07b7e174 method=org.eclipse.osgi.internal.framework.FilterImpl$Parser.skipWhiteSpace()V @ 39 c2
Event: 9.751 Thread 0x0000025e7ce25010 DEOPT PACKING pc=0x0000025e07b7e174 sp=0x000000b4f9bfe220
Event: 9.751 Thread 0x0000025e7ce25010 DEOPT UNPACKING pc=0x0000025e07589ea3 sp=0x000000b4f9bfe1c0 mode 2
Event: 9.836 Thread 0x0000025e7cd07730 Uncommon trap: trap_request=0xffffff45 fr.pc=0x0000025e07b3fb78 relative=0x0000000000000258
Event: 9.836 Thread 0x0000025e7ce25010 Uncommon trap: trap_request=0xffffff45 fr.pc=0x0000025e07b3fb78 relative=0x0000000000000258
Event: 9.836 Thread 0x0000025e7cd07730 Uncommon trap: reason=unstable_if action=reinterpret pc=0x0000025e07b3fb78 method=java.util.concurrent.ConcurrentHashMap.get(Ljava/lang/Object;)Ljava/lang/Object; @ 86 c2
Event: 9.836 Thread 0x0000025e7ce25010 Uncommon trap: reason=unstable_if action=reinterpret pc=0x0000025e07b3fb78 method=java.util.concurrent.ConcurrentHashMap.get(Ljava/lang/Object;)Ljava/lang/Object; @ 86 c2
Event: 9.836 Thread 0x0000025e7ce25010 DEOPT PACKING pc=0x0000025e07b3fb78 sp=0x000000b4f9bfddd0
Event: 9.836 Thread 0x0000025e7ce25010 DEOPT UNPACKING pc=0x0000025e07589ea3 sp=0x000000b4f9bfdd38 mode 2
Event: 9.836 Thread 0x0000025e7cd07730 DEOPT PACKING pc=0x0000025e07b3fb78 sp=0x000000b4f96fefe0
Event: 9.836 Thread 0x0000025e7cd07730 DEOPT UNPACKING pc=0x0000025e07589ea3 sp=0x000000b4f96fef48 mode 2
Event: 10.258 Thread 0x0000025e7ce22e60 Uncommon trap: trap_request=0xffffff45 fr.pc=0x0000025e07b0381c relative=0x000000000000015c
Event: 10.258 Thread 0x0000025e7ce22e60 Uncommon trap: reason=unstable_if action=reinterpret pc=0x0000025e07b0381c method=java.lang.invoke.VarHandle.checkExactAccessMode(Ljava/lang/invoke/VarHandle$AccessDescriptor;)V @ 4 c2
Event: 10.258 Thread 0x0000025e7ce22e60 DEOPT PACKING pc=0x0000025e07b0381c sp=0x000000b4f9afd8b0
Event: 10.258 Thread 0x0000025e7ce22e60 DEOPT UNPACKING pc=0x0000025e07589ea3 sp=0x000000b4f9afd7f0 mode 2
Event: 10.284 Thread 0x0000025e7ce22e60 Uncommon trap: trap_request=0xffffff45 fr.pc=0x0000025e07b51990 relative=0x00000000000011d0
Event: 10.284 Thread 0x0000025e7ce22e60 Uncommon trap: reason=unstable_if action=reinterpret pc=0x0000025e07b51990 method=java.io.WinNTFileSystem.normalize(Ljava/lang/String;II)Ljava/lang/String; @ 100 c2
Event: 10.284 Thread 0x0000025e7ce22e60 DEOPT PACKING pc=0x0000025e07b51990 sp=0x000000b4f9af9220
Event: 10.284 Thread 0x0000025e7ce22e60 DEOPT UNPACKING pc=0x0000025e07589ea3 sp=0x000000b4f9af9160 mode 2

Classes unloaded (0 events):
No events

Classes redefined (0 events):
No events

Internal exceptions (20 events):
Event: 1.114 Thread 0x0000025e723a2970 Exception <a 'sun/nio/fs/WindowsException'{0x00000000eb8125f8}> (0x00000000eb8125f8) 
thrown [s\src\hotspot\share\prims\jni.cpp, line 516]
Event: 1.353 Thread 0x0000025e723a2970 Exception <a 'java/lang/ClassNotFoundException'{0x00000000ec00ebb8}: sun/net/www/protocol/c/Handler> (0x00000000ec00ebb8) 
thrown [s\src\hotspot\share\classfile\systemDictionary.cpp, line 256]
Event: 1.353 Thread 0x0000025e723a2970 Exception <a 'java/lang/ClassNotFoundException'{0x00000000ec00ff48}: sun/net/www/protocol/d/Handler> (0x00000000ec00ff48) 
thrown [s\src\hotspot\share\classfile\systemDictionary.cpp, line 256]
Event: 1.353 Thread 0x0000025e723a2970 Exception <a 'java/lang/ClassNotFoundException'{0x00000000ec011140}: sun/net/www/protocol/c/Handler> (0x00000000ec011140) 
thrown [s\src\hotspot\share\classfile\systemDictionary.cpp, line 256]
Event: 1.359 Thread 0x0000025e723a2970 Exception <a 'java/io/FileNotFoundException'{0x00000000ec037540}> (0x00000000ec037540) 
thrown [s\src\hotspot\share\prims\jni.cpp, line 516]
Event: 1.398 Thread 0x0000025e723a2970 Implicit null exception at 0x0000025e07b0d6db to 0x0000025e07b0e0e8
Event: 1.399 Thread 0x0000025e723a2970 Implicit null exception at 0x0000025e07b1f6f1 to 0x0000025e07b1f8d0
Event: 1.399 Thread 0x0000025e723a2970 Implicit null exception at 0x0000025e07b1ed71 to 0x0000025e07b1ef44
Event: 1.399 Thread 0x0000025e723a2970 Implicit null exception at 0x0000025e07b0d30f to 0x0000025e07b0d385
Event: 1.463 Thread 0x0000025e723a2970 Exception <a 'java/lang/NoSuchMethodError'{0x00000000ec3023b8}: 'int java.lang.invoke.DirectMethodHandle$Holder.invokeStaticInit(java.lang.Object, java.lang.Object, java.lang.Object, java.lang.Object)'> (0x00000000ec3023b8) 
thrown [s\src\hotspot\share\interpreter\linkResolver.cpp, line 759]
Event: 1.466 Thread 0x0000025e723a2970 Exception <a 'java/lang/NoSuchMethodError'{0x00000000ec30cc90}: 'java.lang.Object java.lang.invoke.DirectMethodHandle$Holder.invokeInterface(java.lang.Object, java.lang.Object)'> (0x00000000ec30cc90) 
thrown [s\src\hotspot\share\interpreter\linkResolver.cpp, line 759]
Event: 1.466 Thread 0x0000025e723a2970 Exception <a 'java/lang/IncompatibleClassChangeError'{0x00000000ec310488}: Found class java.lang.Object, but interface was expected> (0x00000000ec310488) 
thrown [s\src\hotspot\share\interpreter\linkResolver.cpp, line 826]
Event: 1.467 Thread 0x0000025e723a2970 Exception <a 'java/lang/NoSuchMethodError'{0x00000000ec314980}: 'void java.lang.invoke.DirectMethodHandle$Holder.invokeStatic(java.lang.Object, java.lang.Object)'> (0x00000000ec314980) 
thrown [s\src\hotspot\share\interpreter\linkResolver.cpp, line 759]
Event: 1.467 Thread 0x0000025e723a2970 Exception <a 'java/lang/NoSuchMethodError'{0x00000000ec318180}: 'void java.lang.invoke.DirectMethodHandle$Holder.invokeStaticInit(java.lang.Object, java.lang.Object)'> (0x00000000ec318180) 
thrown [s\src\hotspot\share\interpreter\linkResolver.cpp, line 759]
Event: 1.469 Thread 0x0000025e723a2970 Exception <a 'java/lang/NoSuchMethodError'{0x00000000ec31f618}: 'int java.lang.invoke.DirectMethodHandle$Holder.invokeStaticInit(java.lang.Object, java.lang.Object)'> (0x00000000ec31f618) 
thrown [s\src\hotspot\share\interpreter\linkResolver.cpp, line 759]
Event: 1.712 Thread 0x0000025e723a2970 Exception <a 'java/lang/NoSuchMethodError'{0x00000000eb4a0960}: 'int java.lang.invoke.DirectMethodHandle$Holder.invokeSpecial(java.lang.Object, java.lang.Object, java.lang.Object)'> (0x00000000eb4a0960) 
thrown [s\src\hotspot\share\interpreter\linkResolver.cpp, line 759]
Event: 1.798 Thread 0x0000025e723a2970 Exception <a 'java/lang/NoSuchMethodError'{0x00000000eba466f0}: 'java.lang.Object java.lang.invoke.DirectMethodHandle$Holder.newInvokeSpecial(java.lang.Object, int, java.lang.Object)'> (0x00000000eba466f0) 
thrown [s\src\hotspot\share\interpreter\linkResolver.cpp, line 759]
Event: 9.700 Thread 0x0000025e723a2970 Exception <a 'java/lang/UnsatisfiedLinkError'{0x00000000eb895398}: 'void org.eclipse.equinox.launcher.JNIBridge._update_splash()'> (0x00000000eb895398) 
thrown [s\src\hotspot\share\prims\nativeLookup.cpp, line 543]
Event: 9.713 Thread 0x0000025e7ce25010 Exception <a 'java/lang/NoSuchMethodError'{0x00000000eb8e5460}: 'java.lang.Object java.lang.invoke.Invokers$Holder.invokeExact_MT(java.lang.Object, java.lang.Object, java.lang.Object, java.lang.Object, java.lang.Object, java.lang.Object)'> (0x00000000eb8e5460) 
thrown [s\src\hotspot\share\interpreter\linkResolver.cpp, line 759]
Event: 10.069 Thread 0x0000025e7ce22e60 Exception <a 'java/lang/NoSuchMethodError'{0x00000000eaf05018}: 'java.lang.Object java.lang.invoke.DirectMethodHandle$Holder.invokeStaticInit(java.lang.Object)'> (0x00000000eaf05018) 
thrown [s\src\hotspot\share\interpreter\linkResolver.cpp, line 759]

VM Operations (20 events):
Event: 1.498 Executing VM operation: ParallelGCFailedAllocation
Event: 1.507 Executing VM operation: ParallelGCFailedAllocation done
Event: 1.780 Executing VM operation: HandshakeAllThreads
Event: 1.780 Executing VM operation: HandshakeAllThreads done
Event: 1.781 Executing VM operation: HandshakeAllThreads
Event: 1.781 Executing VM operation: HandshakeAllThreads done
Event: 2.785 Executing VM operation: Cleanup
Event: 2.785 Executing VM operation: Cleanup done
Event: 9.290 Executing VM operation: ParallelGCFailedAllocation
Event: 9.295 Executing VM operation: ParallelGCFailedAllocation done
Event: 9.705 Executing VM operation: HandshakeAllThreads
Event: 9.705 Executing VM operation: HandshakeAllThreads done
Event: 9.765 Executing VM operation: HandshakeAllThreads
Event: 9.783 Executing VM operation: HandshakeAllThreads done
Event: 9.895 Executing VM operation: ICBufferFull
Event: 9.895 Executing VM operation: ICBufferFull done
Event: 9.903 Executing VM operation: ParallelGCFailedAllocation
Event: 9.910 Executing VM operation: ParallelGCFailedAllocation done
Event: 10.097 Executing VM operation: HandshakeAllThreads
Event: 10.097 Executing VM operation: HandshakeAllThreads done

Events (20 events):
Event: 10.328 loading class java/util/ResourceBundle$2
Event: 10.328 loading class java/util/ResourceBundle$2 done
Event: 10.328 loading class sun/util/PropertyResourceBundleCharset
Event: 10.328 loading class sun/util/PropertyResourceBundleCharset done
Event: 10.329 loading class sun/util/PropertyResourceBundleCharset$PropertiesFileDecoder
Event: 10.329 loading class sun/util/PropertyResourceBundleCharset$PropertiesFileDecoder done
Event: 10.341 loading class jdk/internal/reflect/UnsafeStaticObjectFieldAccessorImpl
Event: 10.341 loading class jdk/internal/reflect/UnsafeStaticObjectFieldAccessorImpl done
Event: 10.343 loading class java/lang/IllegalCallerException
Event: 10.343 loading class java/lang/IllegalCallerException done
Event: 10.347 loading class java/lang/StackWalker$Option
Event: 10.347 loading class java/lang/StackWalker$Option done
Event: 10.348 loading class org/xml/sax/SAXParseException
Event: 10.349 loading class org/xml/sax/SAXParseException done
Event: 10.685 loading class java/nio/file/StandardCopyOption
Event: 10.685 loading class java/nio/file/StandardCopyOption done
Event: 10.787 loading class sun/nio/fs/WindowsFileCopy
Event: 10.787 loading class sun/nio/fs/WindowsFileCopy done
Event: 10.905 Thread 0x0000025e7cf12f50 Thread exited: 0x0000025e7cf12f50
Event: 11.046 Thread 0x0000025e7cde3e30 Thread exited: 0x0000025e7cde3e30


Dynamic libraries:
0x00007ff626b60000 - 0x00007ff626b6e000 	c:\Users\MAHESH\.vscode\extensions\redhat.java-1.17.0-win32-x64\jre\17.0.6-win32-x86_64\bin\java.exe
0x00007ffc8f030000 - 0x00007ffc8f244000 	C:\WINDOWS\SYSTEM32\ntdll.dll
0x00007ffc8df80000 - 0x00007ffc8e042000 	C:\WINDOWS\System32\KERNEL32.DLL
0x00007ffc8c470000 - 0x00007ffc8c80c000 	C:\WINDOWS\System32\KERNELBASE.dll
0x00007ffc8cbd0000 - 0x00007ffc8cce1000 	C:\WINDOWS\System32\ucrtbase.dll
0x00007ffc73100000 - 0x00007ffc73117000 	c:\Users\MAHESH\.vscode\extensions\redhat.java-1.17.0-win32-x64\jre\17.0.6-win32-x86_64\bin\jli.dll
0x00007ffc8dbd0000 - 0x00007ffc8dd7b000 	C:\WINDOWS\System32\USER32.dll
0x00007ffc8ccf0000 - 0x00007ffc8cd16000 	C:\WINDOWS\System32\win32u.dll
0x00007ffc8d9e0000 - 0x00007ffc8da09000 	C:\WINDOWS\System32\GDI32.dll
0x00007ffc8c880000 - 0x00007ffc8c993000 	C:\WINDOWS\System32\gdi32full.dll
0x00007ffc8cd20000 - 0x00007ffc8cdba000 	C:\WINDOWS\System32\msvcp_win.dll
0x00007ffc71040000 - 0x00007ffc71059000 	c:\Users\MAHESH\.vscode\extensions\redhat.java-1.17.0-win32-x64\jre\17.0.6-win32-x86_64\bin\VCRUNTIME140.dll
0x00007ffc704a0000 - 0x00007ffc7072e000 	C:\WINDOWS\WinSxS\amd64_microsoft.windows.common-controls_6595b64144ccf1df_6.0.22621.608_none_a9444ca7c10bb01d\COMCTL32.dll
0x00007ffc8ee60000 - 0x00007ffc8ef07000 	C:\WINDOWS\System32\msvcrt.dll
0x00007ffc8cf60000 - 0x00007ffc8cf91000 	C:\WINDOWS\System32\IMM32.DLL
0x00007ffc730b0000 - 0x00007ffc730bc000 	c:\Users\MAHESH\.vscode\extensions\redhat.java-1.17.0-win32-x64\jre\17.0.6-win32-x86_64\bin\vcruntime140_1.dll
0x00007ffc6ac60000 - 0x00007ffc6acf1000 	c:\Users\MAHESH\.vscode\extensions\redhat.java-1.17.0-win32-x64\jre\17.0.6-win32-x86_64\bin\msvcp140.dll
0x00007ffc3e9d0000 - 0x00007ffc3f617000 	c:\Users\MAHESH\.vscode\extensions\redhat.java-1.17.0-win32-x64\jre\17.0.6-win32-x86_64\bin\server\jvm.dll
0x00007ffc8e330000 - 0x00007ffc8e3de000 	C:\WINDOWS\System32\ADVAPI32.dll
0x00007ffc8ce90000 - 0x00007ffc8cf34000 	C:\WINDOWS\System32\sechost.dll
0x00007ffc8dd80000 - 0x00007ffc8de97000 	C:\WINDOWS\System32\RPCRT4.dll
0x00007ffc84e20000 - 0x00007ffc84e54000 	C:\WINDOWS\SYSTEM32\WINMM.dll
0x00007ffc7ac80000 - 0x00007ffc7ac8a000 	C:\WINDOWS\SYSTEM32\VERSION.dll
0x00007ffc68af0000 - 0x00007ffc68af9000 	C:\WINDOWS\SYSTEM32\WSOCK32.dll
0x00007ffc8dea0000 - 0x00007ffc8df11000 	C:\WINDOWS\System32\ws2_32.DLL
0x00007ffc8b4a0000 - 0x00007ffc8b4b8000 	C:\WINDOWS\SYSTEM32\kernel.appcore.dll
0x00007ffc71030000 - 0x00007ffc7103a000 	c:\Users\MAHESH\.vscode\extensions\redhat.java-1.17.0-win32-x64\jre\17.0.6-win32-x86_64\bin\jimage.dll
0x00007ffc89dc0000 - 0x00007ffc89fee000 	C:\WINDOWS\SYSTEM32\DBGHELP.DLL
0x00007ffc8cfa0000 - 0x00007ffc8d329000 	C:\WINDOWS\System32\combase.dll
0x00007ffc8ef10000 - 0x00007ffc8efe7000 	C:\WINDOWS\System32\OLEAUT32.dll
0x00007ffc69790000 - 0x00007ffc697c2000 	C:\WINDOWS\SYSTEM32\dbgcore.DLL
0x00007ffc8cdc0000 - 0x00007ffc8ce3b000 	C:\WINDOWS\System32\bcryptPrimitives.dll
0x00007ffc70b80000 - 0x00007ffc70b8e000 	c:\Users\MAHESH\.vscode\extensions\redhat.java-1.17.0-win32-x64\jre\17.0.6-win32-x86_64\bin\instrument.dll
0x00007ffc707f0000 - 0x00007ffc70815000 	c:\Users\MAHESH\.vscode\extensions\redhat.java-1.17.0-win32-x64\jre\17.0.6-win32-x86_64\bin\java.dll
0x00007ffc709f0000 - 0x00007ffc70a08000 	c:\Users\MAHESH\.vscode\extensions\redhat.java-1.17.0-win32-x64\jre\17.0.6-win32-x86_64\bin\zip.dll
0x00007ffc8e5e0000 - 0x00007ffc8edd0000 	C:\WINDOWS\System32\SHELL32.dll
0x00007ffc8a3f0000 - 0x00007ffc8acbd000 	C:\WINDOWS\SYSTEM32\windows.storage.dll
0x00007ffc8a2b0000 - 0x00007ffc8a3ee000 	C:\WINDOWS\SYSTEM32\wintypes.dll
0x00007ffc8e220000 - 0x00007ffc8e311000 	C:\WINDOWS\System32\SHCORE.dll
0x00007ffc8d3e0000 - 0x00007ffc8d43e000 	C:\WINDOWS\System32\shlwapi.dll
0x00007ffc8c3a0000 - 0x00007ffc8c3c1000 	C:\WINDOWS\SYSTEM32\profapi.dll
0x00007ffc6fbb0000 - 0x00007ffc6fbc9000 	C:\Users\MAHESH\.vscode\extensions\redhat.java-1.17.0-win32-x64\jre\17.0.6-win32-x86_64\bin\net.dll
0x00007ffc86210000 - 0x00007ffc86347000 	C:\WINDOWS\SYSTEM32\WINHTTP.dll
0x00007ffc8b930000 - 0x00007ffc8b999000 	C:\WINDOWS\system32\mswsock.dll
0x00007ffc6fb20000 - 0x00007ffc6fb35000 	C:\Users\MAHESH\.vscode\extensions\redhat.java-1.17.0-win32-x64\jre\17.0.6-win32-x86_64\bin\nio.dll
0x00007ffc707e0000 - 0x00007ffc707f0000 	c:\Users\MAHESH\.vscode\extensions\redhat.java-1.17.0-win32-x64\jre\17.0.6-win32-x86_64\bin\verify.dll
0x00007ffc6f130000 - 0x00007ffc6f16e000 	C:\Users\MAHESH\AppData\Roaming\Code\User\globalStorage\redhat.java\1.17.0\config_win\org.eclipse.equinox.launcher\org.eclipse.equinox.launcher.win32.win32.x86_64_1.2.700.v20221108-1024\eclipse_11801.dll
0x00007ffc8e050000 - 0x00007ffc8e1ec000 	C:\WINDOWS\System32\ole32.dll

dbghelp: loaded successfully - version: 4.0.5 - missing functions: none
symbol engine: initialized successfully - sym options: 0x614 - pdb path: .;c:\Users\MAHESH\.vscode\extensions\redhat.java-1.17.0-win32-x64\jre\17.0.6-win32-x86_64\bin;C:\WINDOWS\SYSTEM32;C:\WINDOWS\WinSxS\amd64_microsoft.windows.common-controls_6595b64144ccf1df_6.0.22621.608_none_a9444ca7c10bb01d;c:\Users\MAHESH\.vscode\extensions\redhat.java-1.17.0-win32-x64\jre\17.0.6-win32-x86_64\bin\server;C:\Users\MAHESH\AppData\Roaming\Code\User\globalStorage\redhat.java\1.17.0\config_win\org.eclipse.equinox.launcher\org.eclipse.equinox.launcher.win32.win32.x86_64_1.2.700.v20221108-1024

VM Arguments:
jvm_args: --add-modules=ALL-SYSTEM --add-opens=java.base/java.util=ALL-UNNAMED --add-opens=java.base/java.lang=ALL-UNNAMED --add-opens=java.base/sun.nio.fs=ALL-UNNAMED -Declipse.application=org.eclipse.jdt.ls.core.id1 -Dosgi.bundles.defaultStartLevel=4 -Declipse.product=org.eclipse.jdt.ls.core.product -Djava.import.generatesMetadataFilesAtProjectRoot=false -Dfile.encoding=utf8 -XX:+UseParallelGC -XX:GCTimeRatio=4 -XX:AdaptiveSizePolicyWeight=90 -Dsun.zip.disableMemoryMapping=true -Xmx1G -Xms100m -Xlog:disable -javaagent:c:\Users\MAHESH\.vscode\extensions\redhat.java-1.17.0-win32-x64\lombok\lombok-1.18.24.jar -XX:+HeapDumpOnOutOfMemoryError -XX:HeapDumpPath=c:\Users\MAHESH\AppData\Roaming\Code\User\workspaceStorage\fe89bc257ef8e11c8f47eeced8d5dae4\redhat.java -Daether.dependencyCollector.impl=bf 
java_command: c:\Users\MAHESH\.vscode\extensions\redhat.java-1.17.0-win32-x64\server\plugins\org.eclipse.equinox.launcher_1.6.400.v20210924-0641.jar -configuration c:\Users\MAHESH\AppData\Roaming\Code\User\globalStorage\redhat.java\1.17.0\config_win -data c:\Users\MAHESH\AppData\Roaming\Code\User\workspaceStorage\fe89bc257ef8e11c8f47eeced8d5dae4\redhat.java\jdt_ws
java_class_path (initial): c:\Users\MAHESH\.vscode\extensions\redhat.java-1.17.0-win32-x64\server\plugins\org.eclipse.equinox.launcher_1.6.400.v20210924-0641.jar
Launcher Type: SUN_STANDARD

[Global flags]
    uintx AdaptiveSizePolicyWeight                 = 90                                        {product} {command line}
     intx CICompilerCount                          = 4                                         {product} {ergonomic}
    uintx GCTimeRatio                              = 4                                         {product} {command line}
     bool HeapDumpOnOutOfMemoryError               = true                                   {manageable} {command line}
    ccstr HeapDumpPath                             = c:\Users\MAHESH\AppData\Roaming\Code\User\workspaceStorage\fe89bc257ef8e11c8f47eeced8d5dae4\redhat.java         {manageable} {command line}
   size_t InitialHeapSize                          = 104857600                                 {product} {command line}
   size_t MaxHeapSize                              = 1073741824                                {product} {command line}
   size_t MaxNewSize                               = 357564416                                 {product} {ergonomic}
   size_t MinHeapDeltaBytes                        = 524288                                    {product} {ergonomic}
   size_t MinHeapSize                              = 104857600                                 {product} {command line}
   size_t NewSize                                  = 34603008                                  {product} {ergonomic}
    uintx NonNMethodCodeHeapSize                   = 5839372                                {pd product} {ergonomic}
    uintx NonProfiledCodeHeapSize                  = 122909434                              {pd product} {ergonomic}
   size_t OldSize                                  = 70254592                                  {product} {ergonomic}
    uintx ProfiledCodeHeapSize                     = 122909434                              {pd product} {ergonomic}
    uintx ReservedCodeCacheSize                    = 251658240                              {pd product} {ergonomic}
     bool SegmentedCodeCache                       = true                                      {product} {ergonomic}
   size_t SoftMaxHeapSize                          = 1073741824                             {manageable} {ergonomic}
     bool UseCompressedClassPointers               = true                           {product lp64_product} {ergonomic}
     bool UseCompressedOops                        = true                           {product lp64_product} {ergonomic}
     bool UseLargePagesIndividualAllocation        = false                                  {pd product} {ergonomic}
     bool UseParallelGC                            = true                                      {product} {command line}

Logging:
Log output configuration:
 #0: stdout all=off uptime,level,tags
 #1: stderr all=off uptime,level,tags

Environment Variables:
PATH=C:\Program Files\Common Files\Oracle\Java\javapath;C:\WINDOWS\system32;C:\WINDOWS;C:\WINDOWS\System32\Wbem;C:\WINDOWS\System32\WindowsPowerShell\v1.0\;C:\WINDOWS\System32\OpenSSH\;C:\Program Files\Microsoft SQL Server\140\Tools\Binn\;C:\flutter\flutter\bin;C:\Program Files\MySQL\MySQL Server 8.0\bin;C:\PHP;c:\xampp\mysql\bin\mysqld.exe --defaults-file=c:\xampp\mysql\bin\my.ini mysql;C:\Program Files\Git\cmd;;C:\Users\MAHESH\anaconda3;C:\Users\MAHESH\anaconda3\Library\bin;C:\Program Files\Python36;C:\Program Files\MySQL\MySQL Server 8.0\bin;c:\xampp\mysql\bin\mysqld.exe --defaults-file=c:\xampp\mysql\bin\my.ini;C:\Program Files\nodejs\;C:\Program Files\Docker\Docker\resources\bin;C:\Program Files\eSpeak NG\;C:\Users\MAHESH\ANACONDA;C:\Users\MAHESH\ANACONDA\Library\mingw-w64\bin;C:\Users\MAHESH\ANACONDA\Library\usr\bin;C:\Users\MAHESH\ANACONDA\Library\bin;C:\Users\MAHESH\ANACONDA\Scripts;C:\Program Files\MySQL\MySQL Shell 8.0\bin\;C:\Users\MAHESH\AppData\Local\Programs\Python\Python310\Scripts\;C:\Users\MAHESH\AppData\Local\Programs\Python\Python310\;C:\Users\MAHESH\AppData\Local\Microsoft\WindowsApps;C:\Users\MAHESH\AppData\Local\Programs\Microsoft VS Code\bin;C:\Program Files\MySQL\MySQL Server 8.0\bin\mysqld;C:\Program Files\MongoDB\Server\5.0\bin;C:\PHP;;C:\Program Files\Python36;C:\Users\MAHESH\AppData\Local\Microsoft\WindowsApps;D:\PyCharm 2022.3.2\bin;;C:\Users\MAHESH\AppData\Roaming\npm
USERNAME=MAHESH
OS=Windows_NT
PROCESSOR_IDENTIFIER=Intel64 Family 6 Model 140 Stepping 1, GenuineIntel
TMP=C:\Users\MAHESH\AppData\Local\Temp
TEMP=C:\Users\MAHESH\AppData\Local\Temp



---------------  S Y S T E M  ---------------

OS:
 Windows 11 , 64 bit Build 22621 (10.0.22621.1485)
OS uptime: 0 days 0:33 hours
Hyper-V role detected

CPU: total 8 (initial active 8) (4 cores per cpu, 2 threads per core) family 6 model 140 stepping 1 microcode 0xa4, cx8, cmov, fxsr, ht, mmx, 3dnowpref, sse, sse2, sse3, ssse3, sse4.1, sse4.2, popcnt, lzcnt, tsc, tscinvbit, avx, avx2, aes, erms, clmul, bmi1, bmi2, adx, avx512f, avx512dq, avx512cd, avx512bw, avx512vl, sha, fma, vzeroupper, avx512_vpopcntdq, avx512_vpclmulqdq, avx512_vaes, avx512_vnni, clflush, clflushopt, clwb, avx512_vbmi2, avx512_vbmi, hv

Memory: 4k page, system-wide physical 7957M (1123M free)
TotalPageFile size 7957M (AvailPageFile size 84M)
current process WorkingSet (physical memory assigned to process): 100M, peak: 131M
current process commit charge ("private bytes"): 213M, peak: 244M

vm_info: OpenJDK 64-Bit Server VM (17.0.6+10) for windows-amd64 JRE (17.0.6+10), built on Jan 18 2023 10:08:59 by "temurin" with MS VC++ 16.7 (VS2019)

END.
